CRITICAL - 2022-11-28 15:17:10 --> Call to a member function query() on null
in APPPATH\Views\user\control\Principal.php on line 165.
 1 SYSTEMPATH\View\View.php(213): include()
 2 SYSTEMPATH\View\View.php(216): CodeIgniter\View\View->CodeIgniter\View\{closure}()
 3 SYSTEMPATH\Common.php(1134): CodeIgniter\View\View->render('user/control/principal', [], true)
 4 APPPATH\Controllers\User.php(41): view('user/control/principal', [])
 5 APPPATH\Controllers\User.php(36): App\Controllers\User->_loadDefaultView([], 'principal')
 6 SYSTEMPATH\CodeIgniter.php(927): App\Controllers\User->principal()
 7 SYSTEMPATH\CodeIgniter.php(482): CodeIgniter\CodeIgniter->runController(Object(App\Controllers\User))
 8 SYSTEMPATH\CodeIgniter.php(351): CodeIgniter\CodeIgniter->handleRequest(null, Object(Config\Cache), false)
 9 FCPATH\index.php(67): CodeIgniter\CodeIgniter->run()
10 SYSTEMPATH\Commands\Server\rewrite.php(46): require_once('FCPATH\\index.php')
CRITICAL - 2022-11-28 15:18:50 --> Call to a member function query() on null
in APPPATH\Views\user\control\Principal.php on line 165.
 1 SYSTEMPATH\View\View.php(213): include()
 2 SYSTEMPATH\View\View.php(216): CodeIgniter\View\View->CodeIgniter\View\{closure}()
 3 SYSTEMPATH\Common.php(1134): CodeIgniter\View\View->render('user/control/principal', [], true)
 4 APPPATH\Controllers\User.php(41): view('user/control/principal', [])
 5 APPPATH\Controllers\User.php(36): App\Controllers\User->_loadDefaultView([], 'principal')
 6 SYSTEMPATH\CodeIgniter.php(927): App\Controllers\User->principal()
 7 SYSTEMPATH\CodeIgniter.php(482): CodeIgniter\CodeIgniter->runController(Object(App\Controllers\User))
 8 SYSTEMPATH\CodeIgniter.php(351): CodeIgniter\CodeIgniter->handleRequest(null, Object(Config\Cache), false)
 9 FCPATH\index.php(67): CodeIgniter\CodeIgniter->run()
10 SYSTEMPATH\Commands\Server\rewrite.php(46): require_once('FCPATH\\index.php')
CRITICAL - 2022-11-28 15:26:52 --> Call to a member function query() on null
in APPPATH\Views\user\control\Principal.php on line 165.
 1 SYSTEMPATH\View\View.php(213): include()
 2 SYSTEMPATH\View\View.php(216): CodeIgniter\View\View->CodeIgniter\View\{closure}()
 3 SYSTEMPATH\Common.php(1134): CodeIgniter\View\View->render('user/control/principal', [], true)
 4 APPPATH\Controllers\User.php(42): view('user/control/principal', [])
 5 APPPATH\Controllers\User.php(37): App\Controllers\User->_loadDefaultView([], 'principal')
 6 SYSTEMPATH\CodeIgniter.php(927): App\Controllers\User->principal()
 7 SYSTEMPATH\CodeIgniter.php(482): CodeIgniter\CodeIgniter->runController(Object(App\Controllers\User))
 8 SYSTEMPATH\CodeIgniter.php(351): CodeIgniter\CodeIgniter->handleRequest(null, Object(Config\Cache), false)
 9 FCPATH\index.php(67): CodeIgniter\CodeIgniter->run()
10 SYSTEMPATH\Commands\Server\rewrite.php(46): require_once('FCPATH\\index.php')
CRITICAL - 2022-11-28 15:48:41 --> Call to a member function query() on null
in APPPATH\Views\user\control\Principal.php on line 165.
 1 SYSTEMPATH\View\View.php(213): include()
 2 SYSTEMPATH\View\View.php(216): CodeIgniter\View\View->CodeIgniter\View\{closure}()
 3 SYSTEMPATH\Common.php(1134): CodeIgniter\View\View->render('user/control/principal', [], true)
 4 APPPATH\Controllers\User.php(42): view('user/control/principal', [])
 5 APPPATH\Controllers\User.php(37): App\Controllers\User->_loadDefaultView([], 'principal')
 6 SYSTEMPATH\CodeIgniter.php(927): App\Controllers\User->principal()
 7 SYSTEMPATH\CodeIgniter.php(482): CodeIgniter\CodeIgniter->runController(Object(App\Controllers\User))
 8 SYSTEMPATH\CodeIgniter.php(351): CodeIgniter\CodeIgniter->handleRequest(null, Object(Config\Cache), false)
 9 FCPATH\index.php(67): CodeIgniter\CodeIgniter->run()
10 SYSTEMPATH\Commands\Server\rewrite.php(46): require_once('FCPATH\\index.php')
CRITICAL - 2022-11-28 15:50:00 --> Call to a member function query() on null
in APPPATH\Views\user\control\Principal.php on line 165.
 1 SYSTEMPATH\View\View.php(213): include()
 2 SYSTEMPATH\View\View.php(216): CodeIgniter\View\View->CodeIgniter\View\{closure}()
 3 SYSTEMPATH\Common.php(1134): CodeIgniter\View\View->render('user/control/Principal', [], true)
 4 APPPATH\Controllers\User.php(42): view('user/control/Principal', [])
 5 APPPATH\Controllers\User.php(37): App\Controllers\User->_loadDefaultView([], 'Principal')
 6 SYSTEMPATH\CodeIgniter.php(927): App\Controllers\User->principal()
 7 SYSTEMPATH\CodeIgniter.php(482): CodeIgniter\CodeIgniter->runController(Object(App\Controllers\User))
 8 SYSTEMPATH\CodeIgniter.php(351): CodeIgniter\CodeIgniter->handleRequest(null, Object(Config\Cache), false)
 9 FCPATH\index.php(67): CodeIgniter\CodeIgniter->run()
10 SYSTEMPATH\Commands\Server\rewrite.php(46): require_once('FCPATH\\index.php')
CRITICAL - 2022-11-28 16:16:04 --> Call to a member function query() on null
in APPPATH\Views\user\control\Principal.php on line 165.
 1 SYSTEMPATH\View\View.php(213): include()
 2 SYSTEMPATH\View\View.php(216): CodeIgniter\View\View->CodeIgniter\View\{closure}()
 3 SYSTEMPATH\Common.php(1134): CodeIgniter\View\View->render('user/control/Principal', [], true)
 4 APPPATH\Controllers\User.php(42): view('user/control/Principal', [])
 5 APPPATH\Controllers\User.php(37): App\Controllers\User->_loadDefaultView([], 'Principal')
 6 SYSTEMPATH\CodeIgniter.php(927): App\Controllers\User->principal()
 7 SYSTEMPATH\CodeIgniter.php(482): CodeIgniter\CodeIgniter->runController(Object(App\Controllers\User))
 8 SYSTEMPATH\CodeIgniter.php(351): CodeIgniter\CodeIgniter->handleRequest(null, Object(Config\Cache), false)
 9 FCPATH\index.php(67): CodeIgniter\CodeIgniter->run()
10 SYSTEMPATH\Commands\Server\rewrite.php(46): require_once('FCPATH\\index.php')
CRITICAL - 2022-11-28 16:26:25 --> Call to a member function query() on null
in APPPATH\Views\user\control\Principal.php on line 165.
 1 SYSTEMPATH\View\View.php(213): include()
 2 SYSTEMPATH\View\View.php(216): CodeIgniter\View\View->CodeIgniter\View\{closure}()
 3 SYSTEMPATH\Common.php(1134): CodeIgniter\View\View->render('user/control/Principal', [], true)
 4 APPPATH\Controllers\User.php(42): view('user/control/Principal', [])
 5 APPPATH\Controllers\User.php(37): App\Controllers\User->_loadDefaultView([], 'Principal')
 6 SYSTEMPATH\CodeIgniter.php(927): App\Controllers\User->principal()
 7 SYSTEMPATH\CodeIgniter.php(482): CodeIgniter\CodeIgniter->runController(Object(App\Controllers\User))
 8 SYSTEMPATH\CodeIgniter.php(351): CodeIgniter\CodeIgniter->handleRequest(null, Object(Config\Cache), false)
 9 FCPATH\index.php(67): CodeIgniter\CodeIgniter->run()
10 SYSTEMPATH\Commands\Server\rewrite.php(46): require_once('FCPATH\\index.php')
CRITICAL - 2022-11-28 16:26:38 --> Call to a member function query() on null
in APPPATH\Views\user\control\Principal.php on line 165.
 1 SYSTEMPATH\View\View.php(213): include()
 2 SYSTEMPATH\View\View.php(216): CodeIgniter\View\View->CodeIgniter\View\{closure}()
 3 SYSTEMPATH\Common.php(1134): CodeIgniter\View\View->render('user/control/Principal', [], true)
 4 APPPATH\Controllers\User.php(42): view('user/control/Principal', [])
 5 APPPATH\Controllers\User.php(37): App\Controllers\User->_loadDefaultView([], 'Principal')
 6 SYSTEMPATH\CodeIgniter.php(927): App\Controllers\User->principal()
 7 SYSTEMPATH\CodeIgniter.php(482): CodeIgniter\CodeIgniter->runController(Object(App\Controllers\User))
 8 SYSTEMPATH\CodeIgniter.php(351): CodeIgniter\CodeIgniter->handleRequest(null, Object(Config\Cache), false)
 9 FCPATH\index.php(67): CodeIgniter\CodeIgniter->run()
10 SYSTEMPATH\Commands\Server\rewrite.php(46): require_once('FCPATH\\index.php')
CRITICAL - 2022-11-28 16:29:26 --> Call to a member function query() on null
in APPPATH\Views\user\control\Principal.php on line 165.
 1 SYSTEMPATH\View\View.php(213): include()
 2 SYSTEMPATH\View\View.php(216): CodeIgniter\View\View->CodeIgniter\View\{closure}()
 3 SYSTEMPATH\Common.php(1134): CodeIgniter\View\View->render('user/control/Principal', [], true)
 4 APPPATH\Controllers\User.php(42): view('user/control/Principal', [])
 5 APPPATH\Controllers\User.php(37): App\Controllers\User->_loadDefaultView([], 'Principal')
 6 SYSTEMPATH\CodeIgniter.php(927): App\Controllers\User->principal()
 7 SYSTEMPATH\CodeIgniter.php(482): CodeIgniter\CodeIgniter->runController(Object(App\Controllers\User))
 8 SYSTEMPATH\CodeIgniter.php(351): CodeIgniter\CodeIgniter->handleRequest(null, Object(Config\Cache), false)
 9 FCPATH\index.php(67): CodeIgniter\CodeIgniter->run()
10 SYSTEMPATH\Commands\Server\rewrite.php(46): require_once('FCPATH\\index.php')
CRITICAL - 2022-11-28 16:33:00 --> Undefined variable: conexion
in APPPATH\Views\user\control\Principal.php on line 165.
 1 APPPATH\Views\user\control\Principal.php(165): CodeIgniter\Debug\Exceptions->errorHandler(8, 'Undefined variable: conexion', 'APPPATH\\Views\\user\\control\\Principal.php', 165, [])
 2 SYSTEMPATH\View\View.php(213): include('APPPATH\\Views\\user\\control\\Principal.php')
 3 SYSTEMPATH\View\View.php(216): CodeIgniter\View\View->CodeIgniter\View\{closure}()
 4 SYSTEMPATH\Common.php(1134): CodeIgniter\View\View->render('user/control/Principal', [], true)
 5 APPPATH\Controllers\User.php(42): view('user/control/Principal', [])
 6 APPPATH\Controllers\User.php(37): App\Controllers\User->_loadDefaultView([], 'Principal')
 7 SYSTEMPATH\CodeIgniter.php(927): App\Controllers\User->principal()
 8 SYSTEMPATH\CodeIgniter.php(482): CodeIgniter\CodeIgniter->runController(Object(App\Controllers\User))
 9 SYSTEMPATH\CodeIgniter.php(351): CodeIgniter\CodeIgniter->handleRequest(null, Object(Config\Cache), false)
10 FCPATH\index.php(67): CodeIgniter\CodeIgniter->run()
11 SYSTEMPATH\Commands\Server\rewrite.php(46): require_once('FCPATH\\index.php')
CRITICAL - 2022-11-28 16:35:04 --> Undefined variable: resultado
in APPPATH\Views\user\control\Principal.php on line 166.
 1 APPPATH\Views\user\control\Principal.php(166): CodeIgniter\Debug\Exceptions->errorHandler(8, 'Undefined variable: resultado', 'APPPATH\\Views\\user\\control\\Principal.php', 166, [])
 2 SYSTEMPATH\View\View.php(213): include('APPPATH\\Views\\user\\control\\Principal.php')
 3 SYSTEMPATH\View\View.php(216): CodeIgniter\View\View->CodeIgniter\View\{closure}()
 4 SYSTEMPATH\Common.php(1134): CodeIgniter\View\View->render('user/control/Principal', [], true)
 5 APPPATH\Controllers\User.php(42): view('user/control/Principal', [])
 6 APPPATH\Controllers\User.php(37): App\Controllers\User->_loadDefaultView([], 'Principal')
 7 SYSTEMPATH\CodeIgniter.php(927): App\Controllers\User->principal()
 8 SYSTEMPATH\CodeIgniter.php(482): CodeIgniter\CodeIgniter->runController(Object(App\Controllers\User))
 9 SYSTEMPATH\CodeIgniter.php(351): CodeIgniter\CodeIgniter->handleRequest(null, Object(Config\Cache), false)
10 FCPATH\index.php(67): CodeIgniter\CodeIgniter->run()
11 SYSTEMPATH\Commands\Server\rewrite.php(46): require_once('FCPATH\\index.php')
CRITICAL - 2022-11-28 16:35:19 --> syntax error, unexpected '}', expecting end of file
in APPPATH\Views\user\control\Principal.php on line 179.
 1 SYSTEMPATH\View\View.php(216): CodeIgniter\View\View->CodeIgniter\View\{closure}()
 2 SYSTEMPATH\Common.php(1134): CodeIgniter\View\View->render('user/control/Principal', [], true)
 3 APPPATH\Controllers\User.php(42): view('user/control/Principal', [])
 4 APPPATH\Controllers\User.php(37): App\Controllers\User->_loadDefaultView([], 'Principal')
 5 SYSTEMPATH\CodeIgniter.php(927): App\Controllers\User->principal()
 6 SYSTEMPATH\CodeIgniter.php(482): CodeIgniter\CodeIgniter->runController(Object(App\Controllers\User))
 7 SYSTEMPATH\CodeIgniter.php(351): CodeIgniter\CodeIgniter->handleRequest(null, Object(Config\Cache), false)
 8 FCPATH\index.php(67): CodeIgniter\CodeIgniter->run()
 9 SYSTEMPATH\Commands\Server\rewrite.php(46): require_once('FCPATH\\index.php')
CRITICAL - 2022-11-28 16:35:58 --> Undefined variable: row
in APPPATH\Views\user\control\Principal.php on line 169.
 1 APPPATH\Views\user\control\Principal.php(169): CodeIgniter\Debug\Exceptions->errorHandler(8, 'Undefined variable: row', 'APPPATH\\Views\\user\\control\\Principal.php', 169, [])
 2 SYSTEMPATH\View\View.php(213): include('APPPATH\\Views\\user\\control\\Principal.php')
 3 SYSTEMPATH\View\View.php(216): CodeIgniter\View\View->CodeIgniter\View\{closure}()
 4 SYSTEMPATH\Common.php(1134): CodeIgniter\View\View->render('user/control/Principal', [], true)
 5 APPPATH\Controllers\User.php(42): view('user/control/Principal', [])
 6 APPPATH\Controllers\User.php(37): App\Controllers\User->_loadDefaultView([], 'Principal')
 7 SYSTEMPATH\CodeIgniter.php(927): App\Controllers\User->principal()
 8 SYSTEMPATH\CodeIgniter.php(482): CodeIgniter\CodeIgniter->runController(Object(App\Controllers\User))
 9 SYSTEMPATH\CodeIgniter.php(351): CodeIgniter\CodeIgniter->handleRequest(null, Object(Config\Cache), false)
10 FCPATH\index.php(67): CodeIgniter\CodeIgniter->run()
11 SYSTEMPATH\Commands\Server\rewrite.php(46): require_once('FCPATH\\index.php')
CRITICAL - 2022-11-28 16:37:16 --> syntax error, unexpected '}', expecting end of file
in APPPATH\Views\user\control\Principal.php on line 168.
 1 SYSTEMPATH\View\View.php(216): CodeIgniter\View\View->CodeIgniter\View\{closure}()
 2 SYSTEMPATH\Common.php(1134): CodeIgniter\View\View->render('user/control/Principal', [], true)
 3 APPPATH\Controllers\User.php(42): view('user/control/Principal', [])
 4 APPPATH\Controllers\User.php(37): App\Controllers\User->_loadDefaultView([], 'Principal')
 5 SYSTEMPATH\CodeIgniter.php(927): App\Controllers\User->principal()
 6 SYSTEMPATH\CodeIgniter.php(482): CodeIgniter\CodeIgniter->runController(Object(App\Controllers\User))
 7 SYSTEMPATH\CodeIgniter.php(351): CodeIgniter\CodeIgniter->handleRequest(null, Object(Config\Cache), false)
 8 FCPATH\index.php(67): CodeIgniter\CodeIgniter->run()
 9 SYSTEMPATH\Commands\Server\rewrite.php(46): require_once('FCPATH\\index.php')
