CRITICAL - 2022-11-18 12:54:36 --> Invalid file: user/templates/header/.php
in SYSTEMPATH\Exceptions\FrameworkException.php on line 33.
 1 SYSTEMPATH\View\View.php(201): CodeIgniter\Exceptions\FrameworkException::forInvalidFile('user/templates/header/.php')
 2 SYSTEMPATH\Common.php(1134): CodeIgniter\View\View->render('user/templates/header/', [], true)
 3 APPPATH\Controllers\User.php(23): view('user/templates/header/')
 4 APPPATH\Controllers\User.php(11): App\Controllers\User->_loadDefaultView([], 'login')
 5 SYSTEMPATH\CodeIgniter.php(927): App\Controllers\User->login()
 6 SYSTEMPATH\CodeIgniter.php(482): CodeIgniter\CodeIgniter->runController(Object(App\Controllers\User))
 7 SYSTEMPATH\CodeIgniter.php(351): CodeIgniter\CodeIgniter->handleRequest(null, Object(Config\Cache), false)
 8 FCPATH\index.php(67): CodeIgniter\CodeIgniter->run()
 9 SYSTEMPATH\Commands\Server\rewrite.php(46): require_once('FCPATH\\index.php')
CRITICAL - 2022-11-18 14:21:14 --> syntax error, unexpected '}', expecting ';' or ','
in APPPATH\Controllers\User.php on line 27.
 1 SYSTEMPATH\Autoloader\Autoloader.php(259): CodeIgniter\Autoloader\Autoloader->includeFile('APPPATH\\Controllers\\User.php')
 2 SYSTEMPATH\Autoloader\Autoloader.php(237): CodeIgniter\Autoloader\Autoloader->loadInNamespace('App\\Controllers\\User')
 3 [internal function]: CodeIgniter\Autoloader\Autoloader->loadClass('App\\Controllers\\User')
 4 [internal function]: spl_autoload_call('App\\Controllers\\User')
 5 SYSTEMPATH\CodeIgniter.php(877): class_exists('\\App\\Controllers\\User', true)
 6 SYSTEMPATH\CodeIgniter.php(469): CodeIgniter\CodeIgniter->startController()
 7 SYSTEMPATH\CodeIgniter.php(351): CodeIgniter\CodeIgniter->handleRequest(null, Object(Config\Cache), false)
 8 FCPATH\index.php(67): CodeIgniter\CodeIgniter->run()
 9 SYSTEMPATH\Commands\Server\rewrite.php(46): require_once('FCPATH\\index.php')
CRITICAL - 2022-11-18 14:21:40 --> syntax error, unexpected '}', expecting ';' or ','
in APPPATH\Controllers\User.php on line 27.
 1 SYSTEMPATH\Autoloader\Autoloader.php(259): CodeIgniter\Autoloader\Autoloader->includeFile('APPPATH\\Controllers\\User.php')
 2 SYSTEMPATH\Autoloader\Autoloader.php(237): CodeIgniter\Autoloader\Autoloader->loadInNamespace('App\\Controllers\\User')
 3 [internal function]: CodeIgniter\Autoloader\Autoloader->loadClass('App\\Controllers\\User')
 4 [internal function]: spl_autoload_call('App\\Controllers\\User')
 5 SYSTEMPATH\CodeIgniter.php(877): class_exists('\\App\\Controllers\\User', true)
 6 SYSTEMPATH\CodeIgniter.php(469): CodeIgniter\CodeIgniter->startController()
 7 SYSTEMPATH\CodeIgniter.php(351): CodeIgniter\CodeIgniter->handleRequest(null, Object(Config\Cache), false)
 8 FCPATH\index.php(67): CodeIgniter\CodeIgniter->run()
 9 SYSTEMPATH\Commands\Server\rewrite.php(46): require_once('FCPATH\\index.php')
CRITICAL - 2022-11-18 14:21:46 --> syntax error, unexpected '}', expecting ';' or ','
in APPPATH\Controllers\User.php on line 27.
 1 SYSTEMPATH\Autoloader\Autoloader.php(259): CodeIgniter\Autoloader\Autoloader->includeFile('APPPATH\\Controllers\\User.php')
 2 SYSTEMPATH\Autoloader\Autoloader.php(237): CodeIgniter\Autoloader\Autoloader->loadInNamespace('App\\Controllers\\User')
 3 [internal function]: CodeIgniter\Autoloader\Autoloader->loadClass('App\\Controllers\\User')
 4 [internal function]: spl_autoload_call('App\\Controllers\\User')
 5 SYSTEMPATH\CodeIgniter.php(877): class_exists('\\App\\Controllers\\User', true)
 6 SYSTEMPATH\CodeIgniter.php(469): CodeIgniter\CodeIgniter->startController()
 7 SYSTEMPATH\CodeIgniter.php(351): CodeIgniter\CodeIgniter->handleRequest(null, Object(Config\Cache), false)
 8 FCPATH\index.php(67): CodeIgniter\CodeIgniter->run()
 9 SYSTEMPATH\Commands\Server\rewrite.php(46): require_once('FCPATH\\index.php')
CRITICAL - 2022-11-18 14:35:51 --> syntax error, unexpected '}', expecting ';' or ','
in APPPATH\Controllers\User.php on line 27.
 1 SYSTEMPATH\Autoloader\Autoloader.php(259): CodeIgniter\Autoloader\Autoloader->includeFile('APPPATH\\Controllers\\User.php')
 2 SYSTEMPATH\Autoloader\Autoloader.php(237): CodeIgniter\Autoloader\Autoloader->loadInNamespace('App\\Controllers\\User')
 3 [internal function]: CodeIgniter\Autoloader\Autoloader->loadClass('App\\Controllers\\User')
 4 [internal function]: spl_autoload_call('App\\Controllers\\User')
 5 SYSTEMPATH\CodeIgniter.php(877): class_exists('\\App\\Controllers\\User', true)
 6 SYSTEMPATH\CodeIgniter.php(469): CodeIgniter\CodeIgniter->startController()
 7 SYSTEMPATH\CodeIgniter.php(351): CodeIgniter\CodeIgniter->handleRequest(null, Object(Config\Cache), false)
 8 FCPATH\index.php(67): CodeIgniter\CodeIgniter->run()
 9 SYSTEMPATH\Commands\Server\rewrite.php(46): require_once('FCPATH\\index.php')
CRITICAL - 2022-11-18 14:36:03 --> syntax error, unexpected '}', expecting ';' or ','
in APPPATH\Controllers\User.php on line 27.
 1 SYSTEMPATH\Autoloader\Autoloader.php(259): CodeIgniter\Autoloader\Autoloader->includeFile('APPPATH\\Controllers\\User.php')
 2 SYSTEMPATH\Autoloader\Autoloader.php(237): CodeIgniter\Autoloader\Autoloader->loadInNamespace('App\\Controllers\\User')
 3 [internal function]: CodeIgniter\Autoloader\Autoloader->loadClass('App\\Controllers\\User')
 4 [internal function]: spl_autoload_call('App\\Controllers\\User')
 5 SYSTEMPATH\CodeIgniter.php(877): class_exists('\\App\\Controllers\\User', true)
 6 SYSTEMPATH\CodeIgniter.php(469): CodeIgniter\CodeIgniter->startController()
 7 SYSTEMPATH\CodeIgniter.php(351): CodeIgniter\CodeIgniter->handleRequest(null, Object(Config\Cache), false)
 8 FCPATH\index.php(67): CodeIgniter\CodeIgniter->run()
 9 SYSTEMPATH\Commands\Server\rewrite.php(46): require_once('FCPATH\\index.php')
CRITICAL - 2022-11-18 14:36:42 --> syntax error, unexpected '}', expecting ';' or ','
in APPPATH\Controllers\User.php on line 27.
 1 SYSTEMPATH\Autoloader\Autoloader.php(259): CodeIgniter\Autoloader\Autoloader->includeFile('APPPATH\\Controllers\\User.php')
 2 SYSTEMPATH\Autoloader\Autoloader.php(237): CodeIgniter\Autoloader\Autoloader->loadInNamespace('App\\Controllers\\User')
 3 [internal function]: CodeIgniter\Autoloader\Autoloader->loadClass('App\\Controllers\\User')
 4 [internal function]: spl_autoload_call('App\\Controllers\\User')
 5 SYSTEMPATH\CodeIgniter.php(877): class_exists('\\App\\Controllers\\User', true)
 6 SYSTEMPATH\CodeIgniter.php(469): CodeIgniter\CodeIgniter->startController()
 7 SYSTEMPATH\CodeIgniter.php(351): CodeIgniter\CodeIgniter->handleRequest(null, Object(Config\Cache), false)
 8 FCPATH\index.php(67): CodeIgniter\CodeIgniter->run()
 9 SYSTEMPATH\Commands\Server\rewrite.php(46): require_once('FCPATH\\index.php')
CRITICAL - 2022-11-18 14:38:52 --> syntax error, unexpected '}', expecting ';' or ','
in APPPATH\Controllers\User.php on line 27.
 1 SYSTEMPATH\Autoloader\Autoloader.php(259): CodeIgniter\Autoloader\Autoloader->includeFile('APPPATH\\Controllers\\User.php')
 2 SYSTEMPATH\Autoloader\Autoloader.php(237): CodeIgniter\Autoloader\Autoloader->loadInNamespace('App\\Controllers\\User')
 3 [internal function]: CodeIgniter\Autoloader\Autoloader->loadClass('App\\Controllers\\User')
 4 [internal function]: spl_autoload_call('App\\Controllers\\User')
 5 SYSTEMPATH\CodeIgniter.php(877): class_exists('\\App\\Controllers\\User', true)
 6 SYSTEMPATH\CodeIgniter.php(469): CodeIgniter\CodeIgniter->startController()
 7 SYSTEMPATH\CodeIgniter.php(351): CodeIgniter\CodeIgniter->handleRequest(null, Object(Config\Cache), false)
 8 FCPATH\index.php(67): CodeIgniter\CodeIgniter->run()
 9 SYSTEMPATH\Commands\Server\rewrite.php(46): require_once('FCPATH\\index.php')
CRITICAL - 2022-11-18 14:39:12 --> syntax error, unexpected '}', expecting ';' or ','
in APPPATH\Controllers\User.php on line 27.
 1 SYSTEMPATH\Autoloader\Autoloader.php(259): CodeIgniter\Autoloader\Autoloader->includeFile('APPPATH\\Controllers\\User.php')
 2 SYSTEMPATH\Autoloader\Autoloader.php(237): CodeIgniter\Autoloader\Autoloader->loadInNamespace('App\\Controllers\\User')
 3 [internal function]: CodeIgniter\Autoloader\Autoloader->loadClass('App\\Controllers\\User')
 4 [internal function]: spl_autoload_call('App\\Controllers\\User')
 5 SYSTEMPATH\CodeIgniter.php(877): class_exists('\\App\\Controllers\\User', true)
 6 SYSTEMPATH\CodeIgniter.php(469): CodeIgniter\CodeIgniter->startController()
 7 SYSTEMPATH\CodeIgniter.php(351): CodeIgniter\CodeIgniter->handleRequest(null, Object(Config\Cache), false)
 8 FCPATH\index.php(67): CodeIgniter\CodeIgniter->run()
 9 SYSTEMPATH\Commands\Server\rewrite.php(46): require_once('FCPATH\\index.php')
CRITICAL - 2022-11-18 14:39:45 --> syntax error, unexpected '}', expecting ';' or ','
in APPPATH\Controllers\User.php on line 27.
 1 SYSTEMPATH\Autoloader\Autoloader.php(259): CodeIgniter\Autoloader\Autoloader->includeFile('APPPATH\\Controllers\\User.php')
 2 SYSTEMPATH\Autoloader\Autoloader.php(237): CodeIgniter\Autoloader\Autoloader->loadInNamespace('App\\Controllers\\User')
 3 [internal function]: CodeIgniter\Autoloader\Autoloader->loadClass('App\\Controllers\\User')
 4 [internal function]: spl_autoload_call('App\\Controllers\\User')
 5 SYSTEMPATH\CodeIgniter.php(877): class_exists('\\App\\Controllers\\User', true)
 6 SYSTEMPATH\CodeIgniter.php(469): CodeIgniter\CodeIgniter->startController()
 7 SYSTEMPATH\CodeIgniter.php(351): CodeIgniter\CodeIgniter->handleRequest(null, Object(Config\Cache), false)
 8 FCPATH\index.php(67): CodeIgniter\CodeIgniter->run()
 9 SYSTEMPATH\Commands\Server\rewrite.php(46): require_once('FCPATH\\index.php')
CRITICAL - 2022-11-18 14:39:56 --> syntax error, unexpected '}', expecting ';' or ','
in APPPATH\Controllers\User.php on line 27.
 1 SYSTEMPATH\Autoloader\Autoloader.php(259): CodeIgniter\Autoloader\Autoloader->includeFile('APPPATH\\Controllers\\User.php')
 2 SYSTEMPATH\Autoloader\Autoloader.php(237): CodeIgniter\Autoloader\Autoloader->loadInNamespace('App\\Controllers\\User')
 3 [internal function]: CodeIgniter\Autoloader\Autoloader->loadClass('App\\Controllers\\User')
 4 [internal function]: spl_autoload_call('App\\Controllers\\User')
 5 SYSTEMPATH\CodeIgniter.php(877): class_exists('\\App\\Controllers\\User', true)
 6 SYSTEMPATH\CodeIgniter.php(469): CodeIgniter\CodeIgniter->startController()
 7 SYSTEMPATH\CodeIgniter.php(351): CodeIgniter\CodeIgniter->handleRequest(null, Object(Config\Cache), false)
 8 FCPATH\index.php(67): CodeIgniter\CodeIgniter->run()
 9 SYSTEMPATH\Commands\Server\rewrite.php(46): require_once('FCPATH\\index.php')
CRITICAL - 2022-11-18 14:40:19 --> syntax error, unexpected '}', expecting ';' or ','
in APPPATH\Controllers\User.php on line 27.
 1 SYSTEMPATH\Autoloader\Autoloader.php(259): CodeIgniter\Autoloader\Autoloader->includeFile('APPPATH\\Controllers\\User.php')
 2 SYSTEMPATH\Autoloader\Autoloader.php(237): CodeIgniter\Autoloader\Autoloader->loadInNamespace('App\\Controllers\\User')
 3 [internal function]: CodeIgniter\Autoloader\Autoloader->loadClass('App\\Controllers\\User')
 4 [internal function]: spl_autoload_call('App\\Controllers\\User')
 5 SYSTEMPATH\CodeIgniter.php(877): class_exists('\\App\\Controllers\\User', true)
 6 SYSTEMPATH\CodeIgniter.php(469): CodeIgniter\CodeIgniter->startController()
 7 SYSTEMPATH\CodeIgniter.php(351): CodeIgniter\CodeIgniter->handleRequest(null, Object(Config\Cache), false)
 8 FCPATH\index.php(67): CodeIgniter\CodeIgniter->run()
 9 SYSTEMPATH\Commands\Server\rewrite.php(46): require_once('FCPATH\\index.php')
CRITICAL - 2022-11-18 14:40:56 --> syntax error, unexpected '}', expecting ';' or ','
in APPPATH\Controllers\User.php on line 27.
 1 SYSTEMPATH\Autoloader\Autoloader.php(259): CodeIgniter\Autoloader\Autoloader->includeFile('APPPATH\\Controllers\\User.php')
 2 SYSTEMPATH\Autoloader\Autoloader.php(237): CodeIgniter\Autoloader\Autoloader->loadInNamespace('App\\Controllers\\User')
 3 [internal function]: CodeIgniter\Autoloader\Autoloader->loadClass('App\\Controllers\\User')
 4 [internal function]: spl_autoload_call('App\\Controllers\\User')
 5 SYSTEMPATH\CodeIgniter.php(877): class_exists('\\App\\Controllers\\User', true)
 6 SYSTEMPATH\CodeIgniter.php(469): CodeIgniter\CodeIgniter->startController()
 7 SYSTEMPATH\CodeIgniter.php(351): CodeIgniter\CodeIgniter->handleRequest(null, Object(Config\Cache), false)
 8 FCPATH\index.php(67): CodeIgniter\CodeIgniter->run()
 9 SYSTEMPATH\Commands\Server\rewrite.php(46): require_once('FCPATH\\index.php')
CRITICAL - 2022-11-18 14:41:44 --> syntax error, unexpected '}', expecting ';' or ','
in APPPATH\Controllers\User.php on line 27.
 1 SYSTEMPATH\Autoloader\Autoloader.php(259): CodeIgniter\Autoloader\Autoloader->includeFile('APPPATH\\Controllers\\User.php')
 2 SYSTEMPATH\Autoloader\Autoloader.php(237): CodeIgniter\Autoloader\Autoloader->loadInNamespace('App\\Controllers\\User')
 3 [internal function]: CodeIgniter\Autoloader\Autoloader->loadClass('App\\Controllers\\User')
 4 [internal function]: spl_autoload_call('App\\Controllers\\User')
 5 SYSTEMPATH\CodeIgniter.php(877): class_exists('\\App\\Controllers\\User', true)
 6 SYSTEMPATH\CodeIgniter.php(469): CodeIgniter\CodeIgniter->startController()
 7 SYSTEMPATH\CodeIgniter.php(351): CodeIgniter\CodeIgniter->handleRequest(null, Object(Config\Cache), false)
 8 FCPATH\index.php(67): CodeIgniter\CodeIgniter->run()
 9 SYSTEMPATH\Commands\Server\rewrite.php(46): require_once('FCPATH\\index.php')
