CRITICAL - 2022-11-22 15:00:19 --> Call to undefined method App\Controllers\Dashboard::_loadDefaultView()
in APPPATH\Controllers\dashboard.php on line 11.
 1 SYSTEMPATH\CodeIgniter.php(927): App\Controllers\Dashboard->principal()
 2 SYSTEMPATH\CodeIgniter.php(482): CodeIgniter\CodeIgniter->runController(Object(App\Controllers\Dashboard))
 3 SYSTEMPATH\CodeIgniter.php(351): CodeIgniter\CodeIgniter->handleRequest(null, Object(Config\Cache), false)
 4 FCPATH\index.php(67): CodeIgniter\CodeIgniter->run()
 5 SYSTEMPATH\Commands\Server\rewrite.php(46): require_once('FCPATH\\index.php')
CRITICAL - 2022-11-22 15:06:42 --> Invalid file: user/control/principal.php
in SYSTEMPATH\Exceptions\FrameworkException.php on line 33.
 1 SYSTEMPATH\View\View.php(201): CodeIgniter\Exceptions\FrameworkException::forInvalidFile('user/control/principal.php')
 2 SYSTEMPATH\Common.php(1134): CodeIgniter\View\View->render('user/control/principal', [], true)
 3 APPPATH\Controllers\dashboard.php(18): view('user/control/principal', [])
 4 APPPATH\Controllers\dashboard.php(11): App\Controllers\Dashboard->_loadDefaultView([], 'principal')
 5 SYSTEMPATH\CodeIgniter.php(927): App\Controllers\Dashboard->principal()
 6 SYSTEMPATH\CodeIgniter.php(482): CodeIgniter\CodeIgniter->runController(Object(App\Controllers\Dashboard))
 7 SYSTEMPATH\CodeIgniter.php(351): CodeIgniter\CodeIgniter->handleRequest(null, Object(Config\Cache), false)
 8 FCPATH\index.php(67): CodeIgniter\CodeIgniter->run()
 9 SYSTEMPATH\Commands\Server\rewrite.php(46): require_once('FCPATH\\index.php')
CRITICAL - 2022-11-22 15:07:55 --> Invalid file: user/control/principal.php
in SYSTEMPATH\Exceptions\FrameworkException.php on line 33.
 1 SYSTEMPATH\View\View.php(201): CodeIgniter\Exceptions\FrameworkException::forInvalidFile('user/control/principal.php')
 2 SYSTEMPATH\Common.php(1134): CodeIgniter\View\View->render('user/control/principal', [], true)
 3 APPPATH\Controllers\dashboard.php(18): view('user/control/principal', [])
 4 APPPATH\Controllers\dashboard.php(11): App\Controllers\Dashboard->_loadDefaultView([], 'principal')
 5 SYSTEMPATH\CodeIgniter.php(927): App\Controllers\Dashboard->principal()
 6 SYSTEMPATH\CodeIgniter.php(482): CodeIgniter\CodeIgniter->runController(Object(App\Controllers\Dashboard))
 7 SYSTEMPATH\CodeIgniter.php(351): CodeIgniter\CodeIgniter->handleRequest(null, Object(Config\Cache), false)
 8 FCPATH\index.php(67): CodeIgniter\CodeIgniter->run()
 9 SYSTEMPATH\Commands\Server\rewrite.php(46): require_once('FCPATH\\index.php')
CRITICAL - 2022-11-22 15:11:42 --> Invalid file: user/control/principal.php
in SYSTEMPATH\Exceptions\FrameworkException.php on line 33.
 1 SYSTEMPATH\View\View.php(201): CodeIgniter\Exceptions\FrameworkException::forInvalidFile('user/control/principal.php')
 2 SYSTEMPATH\Common.php(1134): CodeIgniter\View\View->render('user/control/principal', [], true)
 3 APPPATH\Controllers\dashboard.php(18): view('user/control/principal', [])
 4 APPPATH\Controllers\dashboard.php(11): App\Controllers\dashboard->_loadDefaultView([], 'principal')
 5 SYSTEMPATH\CodeIgniter.php(927): App\Controllers\dashboard->principal()
 6 SYSTEMPATH\CodeIgniter.php(482): CodeIgniter\CodeIgniter->runController(Object(App\Controllers\dashboard))
 7 SYSTEMPATH\CodeIgniter.php(351): CodeIgniter\CodeIgniter->handleRequest(null, Object(Config\Cache), false)
 8 FCPATH\index.php(67): CodeIgniter\CodeIgniter->run()
 9 SYSTEMPATH\Commands\Server\rewrite.php(46): require_once('FCPATH\\index.php')
CRITICAL - 2022-11-22 15:21:51 --> Call to a member function query() on null
in APPPATH\Views\user\control\Principal.php on line 165.
 1 SYSTEMPATH\View\View.php(213): include()
 2 SYSTEMPATH\View\View.php(216): CodeIgniter\View\View->CodeIgniter\View\{closure}()
 3 SYSTEMPATH\Common.php(1134): CodeIgniter\View\View->render('user/control/principal', [], true)
 4 APPPATH\Controllers\Dashboard.php(18): view('user/control/principal', [])
 5 APPPATH\Controllers\Dashboard.php(11): App\Controllers\Dashboard->_loadDefaultView([], 'principal')
 6 SYSTEMPATH\CodeIgniter.php(927): App\Controllers\Dashboard->principal()
 7 SYSTEMPATH\CodeIgniter.php(482): CodeIgniter\CodeIgniter->runController(Object(App\Controllers\Dashboard))
 8 SYSTEMPATH\CodeIgniter.php(351): CodeIgniter\CodeIgniter->handleRequest(null, Object(Config\Cache), false)
 9 FCPATH\index.php(67): CodeIgniter\CodeIgniter->run()
10 SYSTEMPATH\Commands\Server\rewrite.php(46): require_once('FCPATH\\index.php')
CRITICAL - 2022-11-22 15:24:34 --> Call to a member function query() on null
in APPPATH\Views\user\control\Principal.php on line 165.
 1 SYSTEMPATH\View\View.php(213): include()
 2 SYSTEMPATH\View\View.php(216): CodeIgniter\View\View->CodeIgniter\View\{closure}()
 3 SYSTEMPATH\Common.php(1134): CodeIgniter\View\View->render('user/control/principal', [], true)
 4 APPPATH\Controllers\Dashboard.php(18): view('user/control/principal', [])
 5 APPPATH\Controllers\Dashboard.php(11): App\Controllers\Dashboard->_loadDefaultView([], 'principal')
 6 SYSTEMPATH\CodeIgniter.php(927): App\Controllers\Dashboard->principal()
 7 SYSTEMPATH\CodeIgniter.php(482): CodeIgniter\CodeIgniter->runController(Object(App\Controllers\Dashboard))
 8 SYSTEMPATH\CodeIgniter.php(351): CodeIgniter\CodeIgniter->handleRequest(null, Object(Config\Cache), false)
 9 FCPATH\index.php(67): CodeIgniter\CodeIgniter->run()
10 SYSTEMPATH\Commands\Server\rewrite.php(46): require_once('FCPATH\\index.php')
CRITICAL - 2022-11-22 15:44:17 --> Call to a member function query() on null
in APPPATH\Views\user\control\Principal.php on line 165.
 1 SYSTEMPATH\View\View.php(213): include()
 2 SYSTEMPATH\View\View.php(216): CodeIgniter\View\View->CodeIgniter\View\{closure}()
 3 SYSTEMPATH\Common.php(1134): CodeIgniter\View\View->render('user/control/principal', [], true)
 4 APPPATH\Controllers\Dashboard.php(18): view('user/control/principal', [])
 5 APPPATH\Controllers\Dashboard.php(11): App\Controllers\Dashboard->_loadDefaultView([], 'principal')
 6 SYSTEMPATH\CodeIgniter.php(927): App\Controllers\Dashboard->principal()
 7 SYSTEMPATH\CodeIgniter.php(482): CodeIgniter\CodeIgniter->runController(Object(App\Controllers\Dashboard))
 8 SYSTEMPATH\CodeIgniter.php(351): CodeIgniter\CodeIgniter->handleRequest(null, Object(Config\Cache), false)
 9 FCPATH\index.php(67): CodeIgniter\CodeIgniter->run()
10 SYSTEMPATH\Commands\Server\rewrite.php(46): require_once('FCPATH\\index.php')
CRITICAL - 2022-11-22 15:51:19 --> Call to a member function query() on null
in APPPATH\Views\user\control\Principal.php on line 165.
 1 SYSTEMPATH\View\View.php(213): include()
 2 SYSTEMPATH\View\View.php(216): CodeIgniter\View\View->CodeIgniter\View\{closure}()
 3 SYSTEMPATH\Common.php(1134): CodeIgniter\View\View->render('user/control/principal', [], true)
 4 APPPATH\Controllers\Dashboard.php(18): view('user/control/principal', [])
 5 APPPATH\Controllers\Dashboard.php(11): App\Controllers\Dashboard->_loadDefaultView([], 'principal')
 6 SYSTEMPATH\CodeIgniter.php(927): App\Controllers\Dashboard->principal()
 7 SYSTEMPATH\CodeIgniter.php(482): CodeIgniter\CodeIgniter->runController(Object(App\Controllers\Dashboard))
 8 SYSTEMPATH\CodeIgniter.php(351): CodeIgniter\CodeIgniter->handleRequest(null, Object(Config\Cache), false)
 9 FCPATH\index.php(67): CodeIgniter\CodeIgniter->run()
10 SYSTEMPATH\Commands\Server\rewrite.php(46): require_once('FCPATH\\index.php')
