CRITICAL - 2022-12-05 23:32:33 --> Call to a member function query() on null
in APPPATH\Views\user\control\Principal.php on line 165.
 1 SYSTEMPATH\View\View.php(213): include()
 2 SYSTEMPATH\View\View.php(216): CodeIgniter\View\View->CodeIgniter\View\{closure}()
 3 SYSTEMPATH\Common.php(1134): CodeIgniter\View\View->render('user/control/principal', [], true)
 4 APPPATH\Controllers\Dashboard.php(18): view('user/control/principal', [])
 5 APPPATH\Controllers\Dashboard.php(11): App\Controllers\Dashboard->_loadDefaultView([], 'principal')
 6 SYSTEMPATH\CodeIgniter.php(927): App\Controllers\Dashboard->principal()
 7 SYSTEMPATH\CodeIgniter.php(482): CodeIgniter\CodeIgniter->runController(Object(App\Controllers\Dashboard))
 8 SYSTEMPATH\CodeIgniter.php(351): CodeIgniter\CodeIgniter->handleRequest(null, Object(Config\Cache), false)
 9 FCPATH\index.php(67): CodeIgniter\CodeIgniter->run()
10 SYSTEMPATH\Commands\Server\rewrite.php(46): require_once('FCPATH\\index.php')
CRITICAL - 2022-12-05 23:33:35 --> Undefined variable: conexion
in APPPATH\Views\user\control\Principal.php on line 165.
 1 APPPATH\Views\user\control\Principal.php(165): CodeIgniter\Debug\Exceptions->errorHandler(8, 'Undefined variable: conexion', 'APPPATH\\Views\\user\\control\\Principal.php', 165, [])
 2 SYSTEMPATH\View\View.php(213): include('APPPATH\\Views\\user\\control\\Principal.php')
 3 SYSTEMPATH\View\View.php(216): CodeIgniter\View\View->CodeIgniter\View\{closure}()
 4 SYSTEMPATH\Common.php(1134): CodeIgniter\View\View->render('user/control/principal', [], true)
 5 APPPATH\Controllers\Dashboard.php(18): view('user/control/principal', [])
 6 APPPATH\Controllers\Dashboard.php(11): App\Controllers\Dashboard->_loadDefaultView([], 'principal')
 7 SYSTEMPATH\CodeIgniter.php(927): App\Controllers\Dashboard->principal()
 8 SYSTEMPATH\CodeIgniter.php(482): CodeIgniter\CodeIgniter->runController(Object(App\Controllers\Dashboard))
 9 SYSTEMPATH\CodeIgniter.php(351): CodeIgniter\CodeIgniter->handleRequest(null, Object(Config\Cache), false)
10 FCPATH\index.php(67): CodeIgniter\CodeIgniter->run()
11 SYSTEMPATH\Commands\Server\rewrite.php(46): require_once('FCPATH\\index.php')
