CRITICAL - 2022-11-21 11:58:03 --> Call to a member function database() on null
in APPPATH\Views\user\control\validar.php on line 7.
 1 SYSTEMPATH\View\View.php(213): include()
 2 SYSTEMPATH\View\View.php(216): CodeIgniter\View\View->CodeIgniter\View\{closure}()
 3 SYSTEMPATH\Common.php(1134): CodeIgniter\View\View->render('user/control/validar', [], true)
 4 APPPATH\Controllers\User.php(37): view('user/control/validar', [])
 5 APPPATH\Controllers\User.php(20): App\Controllers\User->_loadDefaultView([], 'validar')
 6 SYSTEMPATH\CodeIgniter.php(927): App\Controllers\User->validar()
 7 SYSTEMPATH\CodeIgniter.php(482): CodeIgniter\CodeIgniter->runController(Object(App\Controllers\User))
 8 SYSTEMPATH\CodeIgniter.php(351): CodeIgniter\CodeIgniter->handleRequest(null, Object(Config\Cache), false)
 9 FCPATH\index.php(67): CodeIgniter\CodeIgniter->run()
10 SYSTEMPATH\Commands\Server\rewrite.php(46): require_once('FCPATH\\index.php')
CRITICAL - 2022-11-21 11:59:37 --> Call to a member function database() on null
in APPPATH\Views\user\control\validar.php on line 7.
 1 SYSTEMPATH\View\View.php(213): include()
 2 SYSTEMPATH\View\View.php(216): CodeIgniter\View\View->CodeIgniter\View\{closure}()
 3 SYSTEMPATH\Common.php(1134): CodeIgniter\View\View->render('user/control/validar', [], true)
 4 APPPATH\Controllers\User.php(37): view('user/control/validar', [])
 5 APPPATH\Controllers\User.php(20): App\Controllers\User->_loadDefaultView([], 'validar')
 6 SYSTEMPATH\CodeIgniter.php(927): App\Controllers\User->validar()
 7 SYSTEMPATH\CodeIgniter.php(482): CodeIgniter\CodeIgniter->runController(Object(App\Controllers\User))
 8 SYSTEMPATH\CodeIgniter.php(351): CodeIgniter\CodeIgniter->handleRequest(null, Object(Config\Cache), false)
 9 FCPATH\index.php(67): CodeIgniter\CodeIgniter->run()
10 SYSTEMPATH\Commands\Server\rewrite.php(46): require_once('FCPATH\\index.php')
CRITICAL - 2022-11-21 11:59:46 --> Call to a member function database() on null
in APPPATH\Views\user\control\validar.php on line 7.
 1 SYSTEMPATH\View\View.php(213): include()
 2 SYSTEMPATH\View\View.php(216): CodeIgniter\View\View->CodeIgniter\View\{closure}()
 3 SYSTEMPATH\Common.php(1134): CodeIgniter\View\View->render('user/control/validar', [], true)
 4 APPPATH\Controllers\User.php(37): view('user/control/validar', [])
 5 APPPATH\Controllers\User.php(20): App\Controllers\User->_loadDefaultView([], 'validar')
 6 SYSTEMPATH\CodeIgniter.php(927): App\Controllers\User->validar()
 7 SYSTEMPATH\CodeIgniter.php(482): CodeIgniter\CodeIgniter->runController(Object(App\Controllers\User))
 8 SYSTEMPATH\CodeIgniter.php(351): CodeIgniter\CodeIgniter->handleRequest(null, Object(Config\Cache), false)
 9 FCPATH\index.php(67): CodeIgniter\CodeIgniter->run()
10 SYSTEMPATH\Commands\Server\rewrite.php(46): require_once('FCPATH\\index.php')
CRITICAL - 2022-11-21 12:03:50 --> Call to a member function database() on null
in APPPATH\Views\user\control\validar.php on line 7.
 1 SYSTEMPATH\View\View.php(213): include()
 2 SYSTEMPATH\View\View.php(216): CodeIgniter\View\View->CodeIgniter\View\{closure}()
 3 SYSTEMPATH\Common.php(1134): CodeIgniter\View\View->render('user/control/validar', [], true)
 4 APPPATH\Controllers\User.php(37): view('user/control/validar', [])
 5 APPPATH\Controllers\User.php(20): App\Controllers\User->_loadDefaultView([], 'validar')
 6 SYSTEMPATH\CodeIgniter.php(927): App\Controllers\User->validar()
 7 SYSTEMPATH\CodeIgniter.php(482): CodeIgniter\CodeIgniter->runController(Object(App\Controllers\User))
 8 SYSTEMPATH\CodeIgniter.php(351): CodeIgniter\CodeIgniter->handleRequest(null, Object(Config\Cache), false)
 9 FCPATH\index.php(67): CodeIgniter\CodeIgniter->run()
10 SYSTEMPATH\Commands\Server\rewrite.php(46): require_once('FCPATH\\index.php')
CRITICAL - 2022-11-21 12:04:57 --> Call to a member function database() on null
in APPPATH\Views\user\control\validar.php on line 7.
 1 SYSTEMPATH\View\View.php(213): include()
 2 SYSTEMPATH\View\View.php(216): CodeIgniter\View\View->CodeIgniter\View\{closure}()
 3 SYSTEMPATH\Common.php(1134): CodeIgniter\View\View->render('user/control/validar', [], true)
 4 APPPATH\Controllers\User.php(37): view('user/control/validar', [])
 5 APPPATH\Controllers\User.php(20): App\Controllers\User->_loadDefaultView([], 'validar')
 6 SYSTEMPATH\CodeIgniter.php(927): App\Controllers\User->validar()
 7 SYSTEMPATH\CodeIgniter.php(482): CodeIgniter\CodeIgniter->runController(Object(App\Controllers\User))
 8 SYSTEMPATH\CodeIgniter.php(351): CodeIgniter\CodeIgniter->handleRequest(null, Object(Config\Cache), false)
 9 FCPATH\index.php(67): CodeIgniter\CodeIgniter->run()
10 SYSTEMPATH\Commands\Server\rewrite.php(46): require_once('FCPATH\\index.php')
CRITICAL - 2022-11-21 12:05:42 --> Call to a member function database() on null
in APPPATH\Views\user\control\validar.php on line 7.
 1 SYSTEMPATH\View\View.php(213): include()
 2 SYSTEMPATH\View\View.php(216): CodeIgniter\View\View->CodeIgniter\View\{closure}()
 3 SYSTEMPATH\Common.php(1134): CodeIgniter\View\View->render('user/control/validar', [], true)
 4 APPPATH\Controllers\User.php(37): view('user/control/validar', [])
 5 APPPATH\Controllers\User.php(20): App\Controllers\User->_loadDefaultView([], 'validar')
 6 SYSTEMPATH\CodeIgniter.php(927): App\Controllers\User->validar()
 7 SYSTEMPATH\CodeIgniter.php(482): CodeIgniter\CodeIgniter->runController(Object(App\Controllers\User))
 8 SYSTEMPATH\CodeIgniter.php(351): CodeIgniter\CodeIgniter->handleRequest(null, Object(Config\Cache), false)
 9 FCPATH\index.php(67): CodeIgniter\CodeIgniter->run()
10 SYSTEMPATH\Commands\Server\rewrite.php(46): require_once('FCPATH\\index.php')
CRITICAL - 2022-11-21 12:08:37 --> syntax error, unexpected '<'
in APPPATH\Views\user\control\validar.php on line 16.
 1 SYSTEMPATH\View\View.php(216): CodeIgniter\View\View->CodeIgniter\View\{closure}()
 2 SYSTEMPATH\Common.php(1134): CodeIgniter\View\View->render('user/control/validar', [], true)
 3 APPPATH\Controllers\User.php(37): view('user/control/validar', [])
 4 APPPATH\Controllers\User.php(20): App\Controllers\User->_loadDefaultView([], 'validar')
 5 SYSTEMPATH\CodeIgniter.php(927): App\Controllers\User->validar()
 6 SYSTEMPATH\CodeIgniter.php(482): CodeIgniter\CodeIgniter->runController(Object(App\Controllers\User))
 7 SYSTEMPATH\CodeIgniter.php(351): CodeIgniter\CodeIgniter->handleRequest(null, Object(Config\Cache), false)
 8 FCPATH\index.php(67): CodeIgniter\CodeIgniter->run()
 9 SYSTEMPATH\Commands\Server\rewrite.php(46): require_once('FCPATH\\index.php')
CRITICAL - 2022-11-21 12:12:01 --> Call to a member function database() on null
in APPPATH\Views\user\control\validar.php on line 7.
 1 SYSTEMPATH\View\View.php(213): include()
 2 SYSTEMPATH\View\View.php(216): CodeIgniter\View\View->CodeIgniter\View\{closure}()
 3 SYSTEMPATH\Common.php(1134): CodeIgniter\View\View->render('user/control/validar', [], true)
 4 APPPATH\Controllers\User.php(37): view('user/control/validar', [])
 5 APPPATH\Controllers\User.php(20): App\Controllers\User->_loadDefaultView([], 'validar')
 6 SYSTEMPATH\CodeIgniter.php(927): App\Controllers\User->validar()
 7 SYSTEMPATH\CodeIgniter.php(482): CodeIgniter\CodeIgniter->runController(Object(App\Controllers\User))
 8 SYSTEMPATH\CodeIgniter.php(351): CodeIgniter\CodeIgniter->handleRequest(null, Object(Config\Cache), false)
 9 FCPATH\index.php(67): CodeIgniter\CodeIgniter->run()
10 SYSTEMPATH\Commands\Server\rewrite.php(46): require_once('FCPATH\\index.php')
CRITICAL - 2022-11-21 12:16:18 --> Call to a member function database() on null
in APPPATH\Views\user\control\validar.php on line 7.
 1 SYSTEMPATH\View\View.php(213): include()
 2 SYSTEMPATH\View\View.php(216): CodeIgniter\View\View->CodeIgniter\View\{closure}()
 3 SYSTEMPATH\Common.php(1134): CodeIgniter\View\View->render('user/control/validar', [], true)
 4 APPPATH\Controllers\User.php(37): view('user/control/validar', [])
 5 APPPATH\Controllers\User.php(20): App\Controllers\User->_loadDefaultView([], 'validar')
 6 SYSTEMPATH\CodeIgniter.php(927): App\Controllers\User->validar()
 7 SYSTEMPATH\CodeIgniter.php(482): CodeIgniter\CodeIgniter->runController(Object(App\Controllers\User))
 8 SYSTEMPATH\CodeIgniter.php(351): CodeIgniter\CodeIgniter->handleRequest(null, Object(Config\Cache), false)
 9 FCPATH\index.php(67): CodeIgniter\CodeIgniter->run()
10 SYSTEMPATH\Commands\Server\rewrite.php(46): require_once('FCPATH\\index.php')
CRITICAL - 2022-11-21 12:17:41 --> syntax error, unexpected '' (T_ENCAPSED_AND_WHITESPACE), expecting '-' or identifier (T_STRING) or variable (T_VARIABLE) or number (T_NUM_STRING)
in APPPATH\Views\user\control\validar.php on line 19.
 1 SYSTEMPATH\View\View.php(216): CodeIgniter\View\View->CodeIgniter\View\{closure}()
 2 SYSTEMPATH\Common.php(1134): CodeIgniter\View\View->render('user/control/validar', [], true)
 3 APPPATH\Controllers\User.php(37): view('user/control/validar', [])
 4 APPPATH\Controllers\User.php(20): App\Controllers\User->_loadDefaultView([], 'validar')
 5 SYSTEMPATH\CodeIgniter.php(927): App\Controllers\User->validar()
 6 SYSTEMPATH\CodeIgniter.php(482): CodeIgniter\CodeIgniter->runController(Object(App\Controllers\User))
 7 SYSTEMPATH\CodeIgniter.php(351): CodeIgniter\CodeIgniter->handleRequest(null, Object(Config\Cache), false)
 8 FCPATH\index.php(67): CodeIgniter\CodeIgniter->run()
 9 SYSTEMPATH\Commands\Server\rewrite.php(46): require_once('FCPATH\\index.php')
