CRITICAL - 2022-11-17 02:07:55 --> Invalid file: user/control/login.php
in SYSTEMPATH\Exceptions\FrameworkException.php on line 33.
 1 SYSTEMPATH\View\View.php(201): CodeIgniter\Exceptions\FrameworkException::forInvalidFile('user/control/login.php')
 2 SYSTEMPATH\Common.php(1134): CodeIgniter\View\View->render('user/control/login', [], true)
 3 APPPATH\Controllers\user.php(19): view('user/control/login', [])
 4 APPPATH\Controllers\user.php(8): App\Controllers\user->_loadDefaultView([], 'login')
 5 SYSTEMPATH\CodeIgniter.php(927): App\Controllers\user->login()
 6 SYSTEMPATH\CodeIgniter.php(482): CodeIgniter\CodeIgniter->runController(Object(App\Controllers\user))
 7 SYSTEMPATH\CodeIgniter.php(351): CodeIgniter\CodeIgniter->handleRequest(null, Object(Config\Cache), false)
 8 FCPATH\index.php(67): CodeIgniter\CodeIgniter->run()
 9 SYSTEMPATH\Commands\Server\rewrite.php(46): require_once('FCPATH\\index.php')
CRITICAL - 2022-11-17 02:11:37 --> Invalid file: user/control/login.php
in SYSTEMPATH\Exceptions\FrameworkException.php on line 33.
 1 SYSTEMPATH\View\View.php(201): CodeIgniter\Exceptions\FrameworkException::forInvalidFile('user/control/login.php')
 2 SYSTEMPATH\Common.php(1134): CodeIgniter\View\View->render('user/control/login', [], true)
 3 APPPATH\Controllers\user.php(19): view('user/control/login', [])
 4 APPPATH\Controllers\user.php(8): App\Controllers\user->_loadDefaultView([], 'login')
 5 SYSTEMPATH\CodeIgniter.php(927): App\Controllers\user->login()
 6 SYSTEMPATH\CodeIgniter.php(482): CodeIgniter\CodeIgniter->runController(Object(App\Controllers\user))
 7 SYSTEMPATH\CodeIgniter.php(351): CodeIgniter\CodeIgniter->handleRequest(null, Object(Config\Cache), false)
 8 FCPATH\index.php(67): CodeIgniter\CodeIgniter->run()
 9 SYSTEMPATH\Commands\Server\rewrite.php(46): require_once('FCPATH\\index.php')
CRITICAL - 2022-11-17 02:12:51 --> Invalid file: user/control/login.php
in SYSTEMPATH\Exceptions\FrameworkException.php on line 33.
 1 SYSTEMPATH\View\View.php(201): CodeIgniter\Exceptions\FrameworkException::forInvalidFile('user/control/login.php')
 2 SYSTEMPATH\Common.php(1134): CodeIgniter\View\View->render('user/control/login', [], true)
 3 APPPATH\Controllers\user.php(19): view('user/control/login', [])
 4 APPPATH\Controllers\user.php(8): App\Controllers\user->_loadDefaultView([], 'login')
 5 SYSTEMPATH\CodeIgniter.php(927): App\Controllers\user->login()
 6 SYSTEMPATH\CodeIgniter.php(482): CodeIgniter\CodeIgniter->runController(Object(App\Controllers\user))
 7 SYSTEMPATH\CodeIgniter.php(351): CodeIgniter\CodeIgniter->handleRequest(null, Object(Config\Cache), false)
 8 FCPATH\index.php(67): CodeIgniter\CodeIgniter->run()
 9 SYSTEMPATH\Commands\Server\rewrite.php(46): require_once('FCPATH\\index.php')
CRITICAL - 2022-11-17 02:12:53 --> Invalid file: user/control/login.php
in SYSTEMPATH\Exceptions\FrameworkException.php on line 33.
 1 SYSTEMPATH\View\View.php(201): CodeIgniter\Exceptions\FrameworkException::forInvalidFile('user/control/login.php')
 2 SYSTEMPATH\Common.php(1134): CodeIgniter\View\View->render('user/control/login', [], true)
 3 APPPATH\Controllers\user.php(19): view('user/control/login', [])
 4 APPPATH\Controllers\user.php(8): App\Controllers\user->_loadDefaultView([], 'login')
 5 SYSTEMPATH\CodeIgniter.php(927): App\Controllers\user->login()
 6 SYSTEMPATH\CodeIgniter.php(482): CodeIgniter\CodeIgniter->runController(Object(App\Controllers\user))
 7 SYSTEMPATH\CodeIgniter.php(351): CodeIgniter\CodeIgniter->handleRequest(null, Object(Config\Cache), false)
 8 FCPATH\index.php(67): CodeIgniter\CodeIgniter->run()
 9 SYSTEMPATH\Commands\Server\rewrite.php(46): require_once('FCPATH\\index.php')
CRITICAL - 2022-11-17 02:20:48 --> Invalid file: user/control/login.php
in SYSTEMPATH\Exceptions\FrameworkException.php on line 33.
 1 SYSTEMPATH\View\View.php(201): CodeIgniter\Exceptions\FrameworkException::forInvalidFile('user/control/login.php')
 2 SYSTEMPATH\Common.php(1134): CodeIgniter\View\View->render('user/control/login', [], true)
 3 APPPATH\Controllers\user.php(19): view('user/control/login', [])
 4 APPPATH\Controllers\user.php(8): App\Controllers\user->_loadDefaultView([], 'login')
 5 SYSTEMPATH\CodeIgniter.php(927): App\Controllers\user->login()
 6 SYSTEMPATH\CodeIgniter.php(482): CodeIgniter\CodeIgniter->runController(Object(App\Controllers\user))
 7 SYSTEMPATH\CodeIgniter.php(351): CodeIgniter\CodeIgniter->handleRequest(null, Object(Config\Cache), false)
 8 FCPATH\index.php(67): CodeIgniter\CodeIgniter->run()
 9 SYSTEMPATH\Commands\Server\rewrite.php(46): require_once('FCPATH\\index.php')
CRITICAL - 2022-11-17 02:20:54 --> Invalid file: user/control/login.php
in SYSTEMPATH\Exceptions\FrameworkException.php on line 33.
 1 SYSTEMPATH\View\View.php(201): CodeIgniter\Exceptions\FrameworkException::forInvalidFile('user/control/login.php')
 2 SYSTEMPATH\Common.php(1134): CodeIgniter\View\View->render('user/control/login', [], true)
 3 APPPATH\Controllers\user.php(19): view('user/control/login', [])
 4 APPPATH\Controllers\user.php(8): App\Controllers\user->_loadDefaultView([], 'login')
 5 SYSTEMPATH\CodeIgniter.php(927): App\Controllers\user->login()
 6 SYSTEMPATH\CodeIgniter.php(482): CodeIgniter\CodeIgniter->runController(Object(App\Controllers\user))
 7 SYSTEMPATH\CodeIgniter.php(351): CodeIgniter\CodeIgniter->handleRequest(null, Object(Config\Cache), false)
 8 FCPATH\index.php(67): CodeIgniter\CodeIgniter->run()
 9 SYSTEMPATH\Commands\Server\rewrite.php(46): require_once('FCPATH\\index.php')
CRITICAL - 2022-11-17 02:23:28 --> Invalid file: user/control/login.php
in SYSTEMPATH\Exceptions\FrameworkException.php on line 33.
 1 SYSTEMPATH\View\View.php(201): CodeIgniter\Exceptions\FrameworkException::forInvalidFile('user/control/login.php')
 2 SYSTEMPATH\Common.php(1134): CodeIgniter\View\View->render('user/control/login', [], true)
 3 APPPATH\Controllers\user.php(19): view('user/control/login', [])
 4 APPPATH\Controllers\user.php(8): App\Controllers\user->_loadDefaultView([], 'login')
 5 SYSTEMPATH\CodeIgniter.php(927): App\Controllers\user->login()
 6 SYSTEMPATH\CodeIgniter.php(482): CodeIgniter\CodeIgniter->runController(Object(App\Controllers\user))
 7 SYSTEMPATH\CodeIgniter.php(351): CodeIgniter\CodeIgniter->handleRequest(null, Object(Config\Cache), false)
 8 FCPATH\index.php(67): CodeIgniter\CodeIgniter->run()
 9 SYSTEMPATH\Commands\Server\rewrite.php(46): require_once('FCPATH\\index.php')
CRITICAL - 2022-11-17 02:27:01 --> Invalid file: user/control/login.php
in SYSTEMPATH\Exceptions\FrameworkException.php on line 33.
 1 SYSTEMPATH\View\View.php(201): CodeIgniter\Exceptions\FrameworkException::forInvalidFile('user/control/login.php')
 2 SYSTEMPATH\Common.php(1134): CodeIgniter\View\View->render('user/control/login', [], true)
 3 APPPATH\Controllers\user.php(19): view('user/control/login', [])
 4 APPPATH\Controllers\user.php(8): App\Controllers\user->_loadDefaultView([], 'login')
 5 SYSTEMPATH\CodeIgniter.php(927): App\Controllers\user->login()
 6 SYSTEMPATH\CodeIgniter.php(482): CodeIgniter\CodeIgniter->runController(Object(App\Controllers\user))
 7 SYSTEMPATH\CodeIgniter.php(351): CodeIgniter\CodeIgniter->handleRequest(null, Object(Config\Cache), false)
 8 FCPATH\index.php(67): CodeIgniter\CodeIgniter->run()
CRITICAL - 2022-11-17 02:30:22 --> Invalid file: login.php
in SYSTEMPATH\Exceptions\FrameworkException.php on line 33.
 1 SYSTEMPATH\View\View.php(201): CodeIgniter\Exceptions\FrameworkException::forInvalidFile('login.php')
 2 SYSTEMPATH\Common.php(1134): CodeIgniter\View\View->render('login', [], true)
 3 APPPATH\Controllers\user.php(8): view('login')
 4 SYSTEMPATH\CodeIgniter.php(927): App\Controllers\user->login()
 5 SYSTEMPATH\CodeIgniter.php(482): CodeIgniter\CodeIgniter->runController(Object(App\Controllers\user))
 6 SYSTEMPATH\CodeIgniter.php(351): CodeIgniter\CodeIgniter->handleRequest(null, Object(Config\Cache), false)
 7 FCPATH\index.php(67): CodeIgniter\CodeIgniter->run()
CRITICAL - 2022-11-17 02:32:42 --> Invalid file: login.php
in SYSTEMPATH\Exceptions\FrameworkException.php on line 33.
 1 SYSTEMPATH\View\View.php(201): CodeIgniter\Exceptions\FrameworkException::forInvalidFile('login.php')
 2 SYSTEMPATH\Common.php(1134): CodeIgniter\View\View->render('login', [], true)
 3 APPPATH\Controllers\user.php(8): view('login')
 4 SYSTEMPATH\CodeIgniter.php(927): App\Controllers\user->login()
 5 SYSTEMPATH\CodeIgniter.php(482): CodeIgniter\CodeIgniter->runController(Object(App\Controllers\user))
 6 SYSTEMPATH\CodeIgniter.php(351): CodeIgniter\CodeIgniter->handleRequest(null, Object(Config\Cache), false)
 7 FCPATH\index.php(67): CodeIgniter\CodeIgniter->run()
CRITICAL - 2022-11-17 02:52:13 --> Invalid file: login.php
in SYSTEMPATH\Exceptions\FrameworkException.php on line 33.
 1 SYSTEMPATH\View\View.php(201): CodeIgniter\Exceptions\FrameworkException::forInvalidFile('login.php')
 2 SYSTEMPATH\Common.php(1134): CodeIgniter\View\View->render('login', [], true)
 3 APPPATH\Controllers\sesion.php(9): view('login')
 4 SYSTEMPATH\CodeIgniter.php(927): App\Controllers\sesion->index()
 5 SYSTEMPATH\CodeIgniter.php(482): CodeIgniter\CodeIgniter->runController(Object(App\Controllers\sesion))
 6 SYSTEMPATH\CodeIgniter.php(351): CodeIgniter\CodeIgniter->handleRequest(null, Object(Config\Cache), false)
 7 FCPATH\index.php(67): CodeIgniter\CodeIgniter->run()
 8 SYSTEMPATH\Commands\Server\rewrite.php(46): require_once('FCPATH\\index.php')
CRITICAL - 2022-11-17 03:06:31 --> include(conexion.php): failed to open stream: No such file or directory
in APPPATH\Views\principal.php on line 2.
 1 APPPATH\Views\principal.php(2): CodeIgniter\Debug\Exceptions->errorHandler(2, 'include(conexion.php): failed to open stream: No such file or directory', 'APPPATH\\Views\\principal.php', 2, [])
 2 APPPATH\Views\principal.php(2): include()
 3 SYSTEMPATH\View\View.php(213): include('APPPATH\\Views\\principal.php')
 4 SYSTEMPATH\View\View.php(216): CodeIgniter\View\View->CodeIgniter\View\{closure}()
 5 SYSTEMPATH\Common.php(1134): CodeIgniter\View\View->render('principal', [], true)
 6 APPPATH\Controllers\sesion.php(13): view('principal')
 7 SYSTEMPATH\CodeIgniter.php(927): App\Controllers\sesion->principal()
 8 SYSTEMPATH\CodeIgniter.php(482): CodeIgniter\CodeIgniter->runController(Object(App\Controllers\sesion))
 9 SYSTEMPATH\CodeIgniter.php(351): CodeIgniter\CodeIgniter->handleRequest(null, Object(Config\Cache), false)
10 FCPATH\index.php(67): CodeIgniter\CodeIgniter->run()
11 SYSTEMPATH\Commands\Server\rewrite.php(46): require_once('FCPATH\\index.php')
CRITICAL - 2022-11-17 03:09:35 --> include(conexion.php): failed to open stream: No such file or directory
in APPPATH\Views\principal.php on line 2.
 1 APPPATH\Views\principal.php(2): CodeIgniter\Debug\Exceptions->errorHandler(2, 'include(conexion.php): failed to open stream: No such file or directory', 'APPPATH\\Views\\principal.php', 2, [])
 2 APPPATH\Views\principal.php(2): include()
 3 SYSTEMPATH\View\View.php(213): include('APPPATH\\Views\\principal.php')
 4 SYSTEMPATH\View\View.php(216): CodeIgniter\View\View->CodeIgniter\View\{closure}()
 5 SYSTEMPATH\Common.php(1134): CodeIgniter\View\View->render('principal', [], true)
 6 APPPATH\Controllers\sesion.php(13): view('principal')
 7 SYSTEMPATH\CodeIgniter.php(927): App\Controllers\sesion->principal1()
 8 SYSTEMPATH\CodeIgniter.php(482): CodeIgniter\CodeIgniter->runController(Object(App\Controllers\sesion))
 9 SYSTEMPATH\CodeIgniter.php(351): CodeIgniter\CodeIgniter->handleRequest(null, Object(Config\Cache), false)
10 FCPATH\index.php(67): CodeIgniter\CodeIgniter->run()
11 SYSTEMPATH\Commands\Server\rewrite.php(46): require_once('FCPATH\\index.php')
CRITICAL - 2022-11-17 03:12:06 --> include(conexion.php): failed to open stream: No such file or directory
in APPPATH\Views\principal.php on line 2.
 1 APPPATH\Views\principal.php(2): CodeIgniter\Debug\Exceptions->errorHandler(2, 'include(conexion.php): failed to open stream: No such file or directory', 'APPPATH\\Views\\principal.php', 2, [])
 2 APPPATH\Views\principal.php(2): include()
 3 SYSTEMPATH\View\View.php(213): include('APPPATH\\Views\\principal.php')
 4 SYSTEMPATH\View\View.php(216): CodeIgniter\View\View->CodeIgniter\View\{closure}()
 5 SYSTEMPATH\Common.php(1134): CodeIgniter\View\View->render('principal', [], true)
 6 APPPATH\Controllers\sesion.php(13): view('principal')
 7 SYSTEMPATH\CodeIgniter.php(927): App\Controllers\sesion->principal1()
 8 SYSTEMPATH\CodeIgniter.php(482): CodeIgniter\CodeIgniter->runController(Object(App\Controllers\sesion))
 9 SYSTEMPATH\CodeIgniter.php(351): CodeIgniter\CodeIgniter->handleRequest(null, Object(Config\Cache), false)
10 FCPATH\index.php(67): CodeIgniter\CodeIgniter->run()
11 SYSTEMPATH\Commands\Server\rewrite.php(46): require_once('FCPATH\\index.php')
CRITICAL - 2022-11-17 03:14:32 --> include(conexion.php): failed to open stream: No such file or directory
in APPPATH\Views\principal.php on line 2.
 1 APPPATH\Views\principal.php(2): CodeIgniter\Debug\Exceptions->errorHandler(2, 'include(conexion.php): failed to open stream: No such file or directory', 'APPPATH\\Views\\principal.php', 2, [])
 2 APPPATH\Views\principal.php(2): include()
 3 SYSTEMPATH\View\View.php(213): include('APPPATH\\Views\\principal.php')
 4 SYSTEMPATH\View\View.php(216): CodeIgniter\View\View->CodeIgniter\View\{closure}()
 5 SYSTEMPATH\Common.php(1134): CodeIgniter\View\View->render('principal', [], true)
 6 APPPATH\Controllers\sesion.php(13): view('principal')
 7 SYSTEMPATH\CodeIgniter.php(927): App\Controllers\sesion->principal1()
 8 SYSTEMPATH\CodeIgniter.php(482): CodeIgniter\CodeIgniter->runController(Object(App\Controllers\sesion))
 9 SYSTEMPATH\CodeIgniter.php(351): CodeIgniter\CodeIgniter->handleRequest(null, Object(Config\Cache), false)
10 FCPATH\index.php(67): CodeIgniter\CodeIgniter->run()
11 SYSTEMPATH\Commands\Server\rewrite.php(46): require_once('FCPATH\\index.php')
CRITICAL - 2022-11-17 03:15:24 --> include(conexion.php): failed to open stream: No such file or directory
in APPPATH\Views\principal.php on line 2.
 1 APPPATH\Views\principal.php(2): CodeIgniter\Debug\Exceptions->errorHandler(2, 'include(conexion.php): failed to open stream: No such file or directory', 'APPPATH\\Views\\principal.php', 2, [])
 2 APPPATH\Views\principal.php(2): include()
 3 SYSTEMPATH\View\View.php(213): include('APPPATH\\Views\\principal.php')
 4 SYSTEMPATH\View\View.php(216): CodeIgniter\View\View->CodeIgniter\View\{closure}()
 5 SYSTEMPATH\Common.php(1134): CodeIgniter\View\View->render('principal', [], true)
 6 APPPATH\Controllers\sesion.php(13): view('principal')
 7 SYSTEMPATH\CodeIgniter.php(927): App\Controllers\sesion->principal1()
 8 SYSTEMPATH\CodeIgniter.php(482): CodeIgniter\CodeIgniter->runController(Object(App\Controllers\sesion))
 9 SYSTEMPATH\CodeIgniter.php(351): CodeIgniter\CodeIgniter->handleRequest(null, Object(Config\Cache), false)
10 FCPATH\index.php(67): CodeIgniter\CodeIgniter->run()
11 SYSTEMPATH\Commands\Server\rewrite.php(46): require_once('FCPATH\\index.php')
CRITICAL - 2022-11-17 03:16:37 --> include(conexion.php): failed to open stream: No such file or directory
in APPPATH\Views\principal.php on line 2.
 1 APPPATH\Views\principal.php(2): CodeIgniter\Debug\Exceptions->errorHandler(2, 'include(conexion.php): failed to open stream: No such file or directory', 'APPPATH\\Views\\principal.php', 2, [])
 2 APPPATH\Views\principal.php(2): include()
 3 SYSTEMPATH\View\View.php(213): include('APPPATH\\Views\\principal.php')
 4 SYSTEMPATH\View\View.php(216): CodeIgniter\View\View->CodeIgniter\View\{closure}()
 5 SYSTEMPATH\Common.php(1134): CodeIgniter\View\View->render('principal', [], true)
 6 APPPATH\Controllers\sesion.php(13): view('principal')
 7 SYSTEMPATH\CodeIgniter.php(927): App\Controllers\sesion->principal1()
 8 SYSTEMPATH\CodeIgniter.php(482): CodeIgniter\CodeIgniter->runController(Object(App\Controllers\sesion))
 9 SYSTEMPATH\CodeIgniter.php(351): CodeIgniter\CodeIgniter->handleRequest(null, Object(Config\Cache), false)
10 FCPATH\index.php(67): CodeIgniter\CodeIgniter->run()
11 SYSTEMPATH\Commands\Server\rewrite.php(46): require_once('FCPATH\\index.php')
CRITICAL - 2022-11-17 03:17:31 --> include(conexion.php): failed to open stream: No such file or directory
in APPPATH\Views\principal.php on line 2.
 1 APPPATH\Views\principal.php(2): CodeIgniter\Debug\Exceptions->errorHandler(2, 'include(conexion.php): failed to open stream: No such file or directory', 'APPPATH\\Views\\principal.php', 2, [])
 2 APPPATH\Views\principal.php(2): include()
 3 SYSTEMPATH\View\View.php(213): include('APPPATH\\Views\\principal.php')
 4 SYSTEMPATH\View\View.php(216): CodeIgniter\View\View->CodeIgniter\View\{closure}()
 5 SYSTEMPATH\Common.php(1134): CodeIgniter\View\View->render('principal', [], true)
 6 APPPATH\Controllers\sesion.php(13): view('principal')
 7 SYSTEMPATH\CodeIgniter.php(927): App\Controllers\sesion->principal1()
 8 SYSTEMPATH\CodeIgniter.php(482): CodeIgniter\CodeIgniter->runController(Object(App\Controllers\sesion))
 9 SYSTEMPATH\CodeIgniter.php(351): CodeIgniter\CodeIgniter->handleRequest(null, Object(Config\Cache), false)
10 FCPATH\index.php(67): CodeIgniter\CodeIgniter->run()
11 SYSTEMPATH\Commands\Server\rewrite.php(46): require_once('FCPATH\\index.php')
CRITICAL - 2022-11-17 03:21:55 --> include(conexion.php): failed to open stream: No such file or directory
in APPPATH\Views\principal.php on line 2.
 1 APPPATH\Views\principal.php(2): CodeIgniter\Debug\Exceptions->errorHandler(2, 'include(conexion.php): failed to open stream: No such file or directory', 'APPPATH\\Views\\principal.php', 2, [])
 2 APPPATH\Views\principal.php(2): include()
 3 SYSTEMPATH\View\View.php(213): include('APPPATH\\Views\\principal.php')
 4 SYSTEMPATH\View\View.php(216): CodeIgniter\View\View->CodeIgniter\View\{closure}()
 5 SYSTEMPATH\Common.php(1134): CodeIgniter\View\View->render('principal', [], true)
 6 APPPATH\Controllers\sesion.php(13): view('principal')
 7 SYSTEMPATH\CodeIgniter.php(927): App\Controllers\sesion->principal1()
 8 SYSTEMPATH\CodeIgniter.php(482): CodeIgniter\CodeIgniter->runController(Object(App\Controllers\sesion))
 9 SYSTEMPATH\CodeIgniter.php(351): CodeIgniter\CodeIgniter->handleRequest(null, Object(Config\Cache), false)
10 FCPATH\index.php(67): CodeIgniter\CodeIgniter->run()
11 SYSTEMPATH\Commands\Server\rewrite.php(46): require_once('FCPATH\\index.php')
CRITICAL - 2022-11-17 03:22:34 --> include(conexion.php): failed to open stream: No such file or directory
in APPPATH\Views\principal.php on line 2.
 1 APPPATH\Views\principal.php(2): CodeIgniter\Debug\Exceptions->errorHandler(2, 'include(conexion.php): failed to open stream: No such file or directory', 'APPPATH\\Views\\principal.php', 2, [])
 2 APPPATH\Views\principal.php(2): include()
 3 SYSTEMPATH\View\View.php(213): include('APPPATH\\Views\\principal.php')
 4 SYSTEMPATH\View\View.php(216): CodeIgniter\View\View->CodeIgniter\View\{closure}()
 5 SYSTEMPATH\Common.php(1134): CodeIgniter\View\View->render('principal', [], true)
 6 APPPATH\Controllers\sesion.php(13): view('principal')
 7 SYSTEMPATH\CodeIgniter.php(927): App\Controllers\sesion->principal1()
 8 SYSTEMPATH\CodeIgniter.php(482): CodeIgniter\CodeIgniter->runController(Object(App\Controllers\sesion))
 9 SYSTEMPATH\CodeIgniter.php(351): CodeIgniter\CodeIgniter->handleRequest(null, Object(Config\Cache), false)
10 FCPATH\index.php(67): CodeIgniter\CodeIgniter->run()
11 SYSTEMPATH\Commands\Server\rewrite.php(46): require_once('FCPATH\\index.php')
CRITICAL - 2022-11-17 03:25:20 --> include(conexion.php): failed to open stream: No such file or directory
in APPPATH\Views\principal.php on line 2.
 1 APPPATH\Views\principal.php(2): CodeIgniter\Debug\Exceptions->errorHandler(2, 'include(conexion.php): failed to open stream: No such file or directory', 'APPPATH\\Views\\principal.php', 2, [])
 2 APPPATH\Views\principal.php(2): include()
 3 SYSTEMPATH\View\View.php(213): include('APPPATH\\Views\\principal.php')
 4 SYSTEMPATH\View\View.php(216): CodeIgniter\View\View->CodeIgniter\View\{closure}()
 5 SYSTEMPATH\Common.php(1134): CodeIgniter\View\View->render('principal', [], true)
 6 APPPATH\Controllers\sesion.php(13): view('principal')
 7 SYSTEMPATH\CodeIgniter.php(927): App\Controllers\sesion->principal1()
 8 SYSTEMPATH\CodeIgniter.php(482): CodeIgniter\CodeIgniter->runController(Object(App\Controllers\sesion))
 9 SYSTEMPATH\CodeIgniter.php(351): CodeIgniter\CodeIgniter->handleRequest(null, Object(Config\Cache), false)
10 FCPATH\index.php(67): CodeIgniter\CodeIgniter->run()
11 SYSTEMPATH\Commands\Server\rewrite.php(46): require_once('FCPATH\\index.php')
CRITICAL - 2022-11-17 03:31:23 --> include(conexion.php): failed to open stream: No such file or directory
in APPPATH\Views\principal.php on line 2.
 1 APPPATH\Views\principal.php(2): CodeIgniter\Debug\Exceptions->errorHandler(2, 'include(conexion.php): failed to open stream: No such file or directory', 'APPPATH\\Views\\principal.php', 2, [])
 2 APPPATH\Views\principal.php(2): include()
 3 SYSTEMPATH\View\View.php(213): include('APPPATH\\Views\\principal.php')
 4 SYSTEMPATH\View\View.php(216): CodeIgniter\View\View->CodeIgniter\View\{closure}()
 5 SYSTEMPATH\Common.php(1134): CodeIgniter\View\View->render('principal', [], true)
 6 APPPATH\Controllers\sesion.php(13): view('principal')
 7 SYSTEMPATH\CodeIgniter.php(927): App\Controllers\sesion->principal1()
 8 SYSTEMPATH\CodeIgniter.php(482): CodeIgniter\CodeIgniter->runController(Object(App\Controllers\sesion))
 9 SYSTEMPATH\CodeIgniter.php(351): CodeIgniter\CodeIgniter->handleRequest(null, Object(Config\Cache), false)
10 FCPATH\index.php(67): CodeIgniter\CodeIgniter->run()
CRITICAL - 2022-11-17 03:50:57 --> include(conexion.php): failed to open stream: No such file or directory
in APPPATH\Views\principal.php on line 2.
 1 APPPATH\Views\principal.php(2): CodeIgniter\Debug\Exceptions->errorHandler(2, 'include(conexion.php): failed to open stream: No such file or directory', 'APPPATH\\Views\\principal.php', 2, [])
 2 APPPATH\Views\principal.php(2): include()
 3 SYSTEMPATH\View\View.php(213): include('APPPATH\\Views\\principal.php')
 4 SYSTEMPATH\View\View.php(216): CodeIgniter\View\View->CodeIgniter\View\{closure}()
 5 SYSTEMPATH\Common.php(1134): CodeIgniter\View\View->render('principal', [], true)
 6 APPPATH\Controllers\sesion.php(13): view('principal')
 7 SYSTEMPATH\CodeIgniter.php(927): App\Controllers\sesion->principal1()
 8 SYSTEMPATH\CodeIgniter.php(482): CodeIgniter\CodeIgniter->runController(Object(App\Controllers\sesion))
 9 SYSTEMPATH\CodeIgniter.php(351): CodeIgniter\CodeIgniter->handleRequest(null, Object(Config\Cache), false)
10 FCPATH\index.php(67): CodeIgniter\CodeIgniter->run()
11 SYSTEMPATH\Commands\Server\rewrite.php(46): require_once('FCPATH\\index.php')
CRITICAL - 2022-11-17 03:51:31 --> include(conexion.php): failed to open stream: No such file or directory
in APPPATH\Views\principal.php on line 2.
 1 APPPATH\Views\principal.php(2): CodeIgniter\Debug\Exceptions->errorHandler(2, 'include(conexion.php): failed to open stream: No such file or directory', 'APPPATH\\Views\\principal.php', 2, [])
 2 APPPATH\Views\principal.php(2): include()
 3 SYSTEMPATH\View\View.php(213): include('APPPATH\\Views\\principal.php')
 4 SYSTEMPATH\View\View.php(216): CodeIgniter\View\View->CodeIgniter\View\{closure}()
 5 SYSTEMPATH\Common.php(1134): CodeIgniter\View\View->render('principal', [], true)
 6 APPPATH\Controllers\sesion.php(13): view('principal')
 7 SYSTEMPATH\CodeIgniter.php(927): App\Controllers\sesion->principal1()
 8 SYSTEMPATH\CodeIgniter.php(482): CodeIgniter\CodeIgniter->runController(Object(App\Controllers\sesion))
 9 SYSTEMPATH\CodeIgniter.php(351): CodeIgniter\CodeIgniter->handleRequest(null, Object(Config\Cache), false)
10 FCPATH\index.php(67): CodeIgniter\CodeIgniter->run()
11 SYSTEMPATH\Commands\Server\rewrite.php(46): require_once('FCPATH\\index.php')
CRITICAL - 2022-11-17 03:54:06 --> include(conexion.php): failed to open stream: No such file or directory
in APPPATH\Views\principal.php on line 2.
 1 APPPATH\Views\principal.php(2): CodeIgniter\Debug\Exceptions->errorHandler(2, 'include(conexion.php): failed to open stream: No such file or directory', 'APPPATH\\Views\\principal.php', 2, [])
 2 APPPATH\Views\principal.php(2): include()
 3 SYSTEMPATH\View\View.php(213): include('APPPATH\\Views\\principal.php')
 4 SYSTEMPATH\View\View.php(216): CodeIgniter\View\View->CodeIgniter\View\{closure}()
 5 SYSTEMPATH\Common.php(1134): CodeIgniter\View\View->render('principal', [], true)
 6 APPPATH\Controllers\sesion.php(13): view('principal')
 7 SYSTEMPATH\CodeIgniter.php(927): App\Controllers\sesion->principal1()
 8 SYSTEMPATH\CodeIgniter.php(482): CodeIgniter\CodeIgniter->runController(Object(App\Controllers\sesion))
 9 SYSTEMPATH\CodeIgniter.php(351): CodeIgniter\CodeIgniter->handleRequest(null, Object(Config\Cache), false)
10 FCPATH\index.php(67): CodeIgniter\CodeIgniter->run()
11 SYSTEMPATH\Commands\Server\rewrite.php(46): require_once('FCPATH\\index.php')
CRITICAL - 2022-11-17 03:58:57 --> include(conexion.php): failed to open stream: No such file or directory
in APPPATH\Views\principal.php on line 2.
 1 APPPATH\Views\principal.php(2): CodeIgniter\Debug\Exceptions->errorHandler(2, 'include(conexion.php): failed to open stream: No such file or directory', 'APPPATH\\Views\\principal.php', 2, [])
 2 APPPATH\Views\principal.php(2): include()
 3 SYSTEMPATH\View\View.php(213): include('APPPATH\\Views\\principal.php')
 4 SYSTEMPATH\View\View.php(216): CodeIgniter\View\View->CodeIgniter\View\{closure}()
 5 SYSTEMPATH\Common.php(1134): CodeIgniter\View\View->render('principal', [], true)
 6 APPPATH\Controllers\sesion.php(13): view('principal')
 7 SYSTEMPATH\CodeIgniter.php(927): App\Controllers\sesion->principal1()
 8 SYSTEMPATH\CodeIgniter.php(482): CodeIgniter\CodeIgniter->runController(Object(App\Controllers\sesion))
 9 SYSTEMPATH\CodeIgniter.php(351): CodeIgniter\CodeIgniter->handleRequest(null, Object(Config\Cache), false)
10 FCPATH\index.php(67): CodeIgniter\CodeIgniter->run()
11 SYSTEMPATH\Commands\Server\rewrite.php(46): require_once('FCPATH\\index.php')
CRITICAL - 2022-11-17 03:59:36 --> include(Database.php): failed to open stream: No such file or directory
in APPPATH\Views\principal.php on line 2.
 1 APPPATH\Views\principal.php(2): CodeIgniter\Debug\Exceptions->errorHandler(2, 'include(Database.php): failed to open stream: No such file or directory', 'APPPATH\\Views\\principal.php', 2, [])
 2 APPPATH\Views\principal.php(2): include()
 3 SYSTEMPATH\View\View.php(213): include('APPPATH\\Views\\principal.php')
 4 SYSTEMPATH\View\View.php(216): CodeIgniter\View\View->CodeIgniter\View\{closure}()
 5 SYSTEMPATH\Common.php(1134): CodeIgniter\View\View->render('principal', [], true)
 6 APPPATH\Controllers\sesion.php(13): view('principal')
 7 SYSTEMPATH\CodeIgniter.php(927): App\Controllers\sesion->principal1()
 8 SYSTEMPATH\CodeIgniter.php(482): CodeIgniter\CodeIgniter->runController(Object(App\Controllers\sesion))
 9 SYSTEMPATH\CodeIgniter.php(351): CodeIgniter\CodeIgniter->handleRequest(null, Object(Config\Cache), false)
10 FCPATH\index.php(67): CodeIgniter\CodeIgniter->run()
11 SYSTEMPATH\Commands\Server\rewrite.php(46): require_once('FCPATH\\index.php')
CRITICAL - 2022-11-17 04:00:14 --> Call to a member function query() on null
in APPPATH\Views\principal.php on line 168.
 1 SYSTEMPATH\View\View.php(213): include()
 2 SYSTEMPATH\View\View.php(216): CodeIgniter\View\View->CodeIgniter\View\{closure}()
 3 SYSTEMPATH\Common.php(1134): CodeIgniter\View\View->render('principal', [], true)
 4 APPPATH\Controllers\sesion.php(13): view('principal')
 5 SYSTEMPATH\CodeIgniter.php(927): App\Controllers\sesion->principal1()
 6 SYSTEMPATH\CodeIgniter.php(482): CodeIgniter\CodeIgniter->runController(Object(App\Controllers\sesion))
 7 SYSTEMPATH\CodeIgniter.php(351): CodeIgniter\CodeIgniter->handleRequest(null, Object(Config\Cache), false)
 8 FCPATH\index.php(67): CodeIgniter\CodeIgniter->run()
 9 SYSTEMPATH\Commands\Server\rewrite.php(46): require_once('FCPATH\\index.php')
CRITICAL - 2022-11-17 04:00:56 --> Call to a member function query() on null
in APPPATH\Views\principal.php on line 166.
 1 SYSTEMPATH\View\View.php(213): include()
 2 SYSTEMPATH\View\View.php(216): CodeIgniter\View\View->CodeIgniter\View\{closure}()
 3 SYSTEMPATH\Common.php(1134): CodeIgniter\View\View->render('principal', [], true)
 4 APPPATH\Controllers\sesion.php(13): view('principal')
 5 SYSTEMPATH\CodeIgniter.php(927): App\Controllers\sesion->principal1()
 6 SYSTEMPATH\CodeIgniter.php(482): CodeIgniter\CodeIgniter->runController(Object(App\Controllers\sesion))
 7 SYSTEMPATH\CodeIgniter.php(351): CodeIgniter\CodeIgniter->handleRequest(null, Object(Config\Cache), false)
 8 FCPATH\index.php(67): CodeIgniter\CodeIgniter->run()
 9 SYSTEMPATH\Commands\Server\rewrite.php(46): require_once('FCPATH\\index.php')
CRITICAL - 2022-11-17 04:07:49 --> include(Database.php): failed to open stream: No such file or directory
in APPPATH\Views\principal.php on line 2.
 1 APPPATH\Views\principal.php(2): CodeIgniter\Debug\Exceptions->errorHandler(2, 'include(Database.php): failed to open stream: No such file or directory', 'APPPATH\\Views\\principal.php', 2, [])
 2 APPPATH\Views\principal.php(2): include()
 3 SYSTEMPATH\View\View.php(213): include('APPPATH\\Views\\principal.php')
 4 SYSTEMPATH\View\View.php(216): CodeIgniter\View\View->CodeIgniter\View\{closure}()
 5 SYSTEMPATH\Common.php(1134): CodeIgniter\View\View->render('principal', [], true)
 6 APPPATH\Controllers\sesion.php(13): view('principal')
 7 SYSTEMPATH\CodeIgniter.php(927): App\Controllers\sesion->principal1()
 8 SYSTEMPATH\CodeIgniter.php(482): CodeIgniter\CodeIgniter->runController(Object(App\Controllers\sesion))
 9 SYSTEMPATH\CodeIgniter.php(351): CodeIgniter\CodeIgniter->handleRequest(null, Object(Config\Cache), false)
10 FCPATH\index.php(67): CodeIgniter\CodeIgniter->run()
11 SYSTEMPATH\Commands\Server\rewrite.php(46): require_once('FCPATH\\index.php')
CRITICAL - 2022-11-17 04:09:56 --> Call to a member function database() on null
in APPPATH\Views\principal.php on line 2.
 1 SYSTEMPATH\View\View.php(213): include()
 2 SYSTEMPATH\View\View.php(216): CodeIgniter\View\View->CodeIgniter\View\{closure}()
 3 SYSTEMPATH\Common.php(1134): CodeIgniter\View\View->render('principal', [], true)
 4 APPPATH\Controllers\sesion.php(13): view('principal')
 5 SYSTEMPATH\CodeIgniter.php(927): App\Controllers\sesion->principal1()
 6 SYSTEMPATH\CodeIgniter.php(482): CodeIgniter\CodeIgniter->runController(Object(App\Controllers\sesion))
 7 SYSTEMPATH\CodeIgniter.php(351): CodeIgniter\CodeIgniter->handleRequest(null, Object(Config\Cache), false)
 8 FCPATH\index.php(67): CodeIgniter\CodeIgniter->run()
 9 SYSTEMPATH\Commands\Server\rewrite.php(46): require_once('FCPATH\\index.php')
CRITICAL - 2022-11-17 04:10:26 --> Call to a member function database() on null
in APPPATH\Views\principal.php on line 2.
 1 SYSTEMPATH\View\View.php(213): include()
 2 SYSTEMPATH\View\View.php(216): CodeIgniter\View\View->CodeIgniter\View\{closure}()
 3 SYSTEMPATH\Common.php(1134): CodeIgniter\View\View->render('principal', [], true)
 4 APPPATH\Controllers\sesion.php(13): view('principal')
 5 SYSTEMPATH\CodeIgniter.php(927): App\Controllers\sesion->principal1()
 6 SYSTEMPATH\CodeIgniter.php(482): CodeIgniter\CodeIgniter->runController(Object(App\Controllers\sesion))
 7 SYSTEMPATH\CodeIgniter.php(351): CodeIgniter\CodeIgniter->handleRequest(null, Object(Config\Cache), false)
 8 FCPATH\index.php(67): CodeIgniter\CodeIgniter->run()
 9 SYSTEMPATH\Commands\Server\rewrite.php(46): require_once('FCPATH\\index.php')
CRITICAL - 2022-11-17 04:13:10 --> Call to a member function database() on null
in APPPATH\Views\principal.php on line 3.
 1 SYSTEMPATH\View\View.php(213): include()
 2 SYSTEMPATH\View\View.php(216): CodeIgniter\View\View->CodeIgniter\View\{closure}()
 3 SYSTEMPATH\Common.php(1134): CodeIgniter\View\View->render('principal', [], true)
 4 APPPATH\Controllers\sesion.php(13): view('principal')
 5 SYSTEMPATH\CodeIgniter.php(927): App\Controllers\sesion->principal1()
 6 SYSTEMPATH\CodeIgniter.php(482): CodeIgniter\CodeIgniter->runController(Object(App\Controllers\sesion))
 7 SYSTEMPATH\CodeIgniter.php(351): CodeIgniter\CodeIgniter->handleRequest(null, Object(Config\Cache), false)
 8 FCPATH\index.php(67): CodeIgniter\CodeIgniter->run()
 9 SYSTEMPATH\Commands\Server\rewrite.php(46): require_once('FCPATH\\index.php')
CRITICAL - 2022-11-17 04:14:17 --> Call to a member function database() on null
in APPPATH\Views\principal.php on line 3.
 1 SYSTEMPATH\View\View.php(213): include()
 2 SYSTEMPATH\View\View.php(216): CodeIgniter\View\View->CodeIgniter\View\{closure}()
 3 SYSTEMPATH\Common.php(1134): CodeIgniter\View\View->render('principal', [], true)
 4 APPPATH\Controllers\sesion.php(13): view('principal')
 5 SYSTEMPATH\CodeIgniter.php(927): App\Controllers\sesion->principal1()
 6 SYSTEMPATH\CodeIgniter.php(482): CodeIgniter\CodeIgniter->runController(Object(App\Controllers\sesion))
 7 SYSTEMPATH\CodeIgniter.php(351): CodeIgniter\CodeIgniter->handleRequest(null, Object(Config\Cache), false)
 8 FCPATH\index.php(67): CodeIgniter\CodeIgniter->run()
 9 SYSTEMPATH\Commands\Server\rewrite.php(46): require_once('FCPATH\\index.php')
CRITICAL - 2022-11-17 04:39:13 --> include(conexion.php): failed to open stream: No such file or directory
in APPPATH\Views\principal.php on line 2.
 1 APPPATH\Views\principal.php(2): CodeIgniter\Debug\Exceptions->errorHandler(2, 'include(conexion.php): failed to open stream: No such file or directory', 'APPPATH\\Views\\principal.php', 2, [])
 2 APPPATH\Views\principal.php(2): include()
 3 SYSTEMPATH\View\View.php(213): include('APPPATH\\Views\\principal.php')
 4 SYSTEMPATH\View\View.php(216): CodeIgniter\View\View->CodeIgniter\View\{closure}()
 5 SYSTEMPATH\Common.php(1134): CodeIgniter\View\View->render('principal', [], true)
 6 APPPATH\Controllers\sesion.php(13): view('principal')
 7 SYSTEMPATH\CodeIgniter.php(927): App\Controllers\sesion->principal1()
 8 SYSTEMPATH\CodeIgniter.php(482): CodeIgniter\CodeIgniter->runController(Object(App\Controllers\sesion))
 9 SYSTEMPATH\CodeIgniter.php(351): CodeIgniter\CodeIgniter->handleRequest(null, Object(Config\Cache), false)
10 FCPATH\index.php(67): CodeIgniter\CodeIgniter->run()
CRITICAL - 2022-11-17 04:39:57 --> include(conexion.php): failed to open stream: No such file or directory
in APPPATH\Views\principal.php on line 2.
 1 APPPATH\Views\principal.php(2): CodeIgniter\Debug\Exceptions->errorHandler(2, 'include(conexion.php): failed to open stream: No such file or directory', 'APPPATH\\Views\\principal.php', 2, [])
 2 APPPATH\Views\principal.php(2): include()
 3 SYSTEMPATH\View\View.php(213): include('APPPATH\\Views\\principal.php')
 4 SYSTEMPATH\View\View.php(216): CodeIgniter\View\View->CodeIgniter\View\{closure}()
 5 SYSTEMPATH\Common.php(1134): CodeIgniter\View\View->render('principal', [], true)
 6 APPPATH\Controllers\sesion.php(13): view('principal')
 7 SYSTEMPATH\CodeIgniter.php(927): App\Controllers\sesion->principal1()
 8 SYSTEMPATH\CodeIgniter.php(482): CodeIgniter\CodeIgniter->runController(Object(App\Controllers\sesion))
 9 SYSTEMPATH\CodeIgniter.php(351): CodeIgniter\CodeIgniter->handleRequest(null, Object(Config\Cache), false)
10 FCPATH\index.php(67): CodeIgniter\CodeIgniter->run()
CRITICAL - 2022-11-17 04:40:29 --> include(conexion.php): failed to open stream: No such file or directory
in APPPATH\Views\principal.php on line 2.
 1 APPPATH\Views\principal.php(2): CodeIgniter\Debug\Exceptions->errorHandler(2, 'include(conexion.php): failed to open stream: No such file or directory', 'APPPATH\\Views\\principal.php', 2, [])
 2 APPPATH\Views\principal.php(2): include()
 3 SYSTEMPATH\View\View.php(213): include('APPPATH\\Views\\principal.php')
 4 SYSTEMPATH\View\View.php(216): CodeIgniter\View\View->CodeIgniter\View\{closure}()
 5 SYSTEMPATH\Common.php(1134): CodeIgniter\View\View->render('principal', [], true)
 6 APPPATH\Controllers\sesion.php(13): view('principal')
 7 SYSTEMPATH\CodeIgniter.php(927): App\Controllers\sesion->principal1()
 8 SYSTEMPATH\CodeIgniter.php(482): CodeIgniter\CodeIgniter->runController(Object(App\Controllers\sesion))
 9 SYSTEMPATH\CodeIgniter.php(351): CodeIgniter\CodeIgniter->handleRequest(null, Object(Config\Cache), false)
10 FCPATH\index.php(67): CodeIgniter\CodeIgniter->run()
CRITICAL - 2022-11-17 04:41:30 --> include(conexion.php): failed to open stream: No such file or directory
in APPPATH\Views\principal.php on line 2.
 1 APPPATH\Views\principal.php(2): CodeIgniter\Debug\Exceptions->errorHandler(2, 'include(conexion.php): failed to open stream: No such file or directory', 'APPPATH\\Views\\principal.php', 2, [])
 2 APPPATH\Views\principal.php(2): include()
 3 SYSTEMPATH\View\View.php(213): include('APPPATH\\Views\\principal.php')
 4 SYSTEMPATH\View\View.php(216): CodeIgniter\View\View->CodeIgniter\View\{closure}()
 5 SYSTEMPATH\Common.php(1134): CodeIgniter\View\View->render('principal', [], true)
 6 APPPATH\Controllers\sesion.php(13): view('principal')
 7 SYSTEMPATH\CodeIgniter.php(927): App\Controllers\sesion->principal1()
 8 SYSTEMPATH\CodeIgniter.php(482): CodeIgniter\CodeIgniter->runController(Object(App\Controllers\sesion))
 9 SYSTEMPATH\CodeIgniter.php(351): CodeIgniter\CodeIgniter->handleRequest(null, Object(Config\Cache), false)
10 FCPATH\index.php(67): CodeIgniter\CodeIgniter->run()
CRITICAL - 2022-11-17 07:40:21 --> include(conexion.php): failed to open stream: No such file or directory
in APPPATH\Views\principal.php on line 2.
 1 APPPATH\Views\principal.php(2): CodeIgniter\Debug\Exceptions->errorHandler(2, 'include(conexion.php): failed to open stream: No such file or directory', 'APPPATH\\Views\\principal.php', 2, [])
 2 APPPATH\Views\principal.php(2): include()
 3 SYSTEMPATH\View\View.php(213): include('APPPATH\\Views\\principal.php')
 4 SYSTEMPATH\View\View.php(216): CodeIgniter\View\View->CodeIgniter\View\{closure}()
 5 SYSTEMPATH\Common.php(1134): CodeIgniter\View\View->render('principal', [], true)
 6 APPPATH\Controllers\sesion.php(13): view('principal')
 7 SYSTEMPATH\CodeIgniter.php(927): App\Controllers\sesion->principal1()
 8 SYSTEMPATH\CodeIgniter.php(482): CodeIgniter\CodeIgniter->runController(Object(App\Controllers\sesion))
 9 SYSTEMPATH\CodeIgniter.php(351): CodeIgniter\CodeIgniter->handleRequest(null, Object(Config\Cache), false)
10 FCPATH\index.php(67): CodeIgniter\CodeIgniter->run()
11 SYSTEMPATH\Commands\Server\rewrite.php(46): require_once('FCPATH\\index.php')
CRITICAL - 2022-11-17 07:51:00 --> include(conexion.php): failed to open stream: No such file or directory
in APPPATH\Views\validar.php on line 6.
 1 APPPATH\Views\validar.php(6): CodeIgniter\Debug\Exceptions->errorHandler(2, 'include(conexion.php): failed to open stream: No such file or directory', 'APPPATH\\Views\\validar.php', 6, [...])
 2 APPPATH\Views\validar.php(6): include()
 3 SYSTEMPATH\View\View.php(213): include('APPPATH\\Views\\validar.php')
 4 SYSTEMPATH\View\View.php(216): CodeIgniter\View\View->CodeIgniter\View\{closure}()
 5 SYSTEMPATH\Common.php(1134): CodeIgniter\View\View->render('validar', [], true)
 6 APPPATH\Controllers\sesion.php(13): view('validar')
 7 SYSTEMPATH\CodeIgniter.php(927): App\Controllers\sesion->validar()
 8 SYSTEMPATH\CodeIgniter.php(482): CodeIgniter\CodeIgniter->runController(Object(App\Controllers\sesion))
 9 SYSTEMPATH\CodeIgniter.php(351): CodeIgniter\CodeIgniter->handleRequest(null, Object(Config\Cache), false)
10 FCPATH\index.php(67): CodeIgniter\CodeIgniter->run()
11 SYSTEMPATH\Commands\Server\rewrite.php(46): require_once('FCPATH\\index.php')
CRITICAL - 2022-11-17 07:52:44 --> include(conexion.php): failed to open stream: No such file or directory
in APPPATH\Views\validar.php on line 6.
 1 APPPATH\Views\validar.php(6): CodeIgniter\Debug\Exceptions->errorHandler(2, 'include(conexion.php): failed to open stream: No such file or directory', 'APPPATH\\Views\\validar.php', 6, [...])
 2 APPPATH\Views\validar.php(6): include()
 3 SYSTEMPATH\View\View.php(213): include('APPPATH\\Views\\validar.php')
 4 SYSTEMPATH\View\View.php(216): CodeIgniter\View\View->CodeIgniter\View\{closure}()
 5 SYSTEMPATH\Common.php(1134): CodeIgniter\View\View->render('validar', [], true)
 6 APPPATH\Controllers\sesion.php(13): view('validar')
 7 SYSTEMPATH\CodeIgniter.php(927): App\Controllers\sesion->validar()
 8 SYSTEMPATH\CodeIgniter.php(482): CodeIgniter\CodeIgniter->runController(Object(App\Controllers\sesion))
 9 SYSTEMPATH\CodeIgniter.php(351): CodeIgniter\CodeIgniter->handleRequest(null, Object(Config\Cache), false)
10 FCPATH\index.php(67): CodeIgniter\CodeIgniter->run()
11 SYSTEMPATH\Commands\Server\rewrite.php(46): require_once('FCPATH\\index.php')
CRITICAL - 2022-11-17 07:54:51 --> include(conexion.php): failed to open stream: No such file or directory
in APPPATH\Views\validar.php on line 6.
 1 APPPATH\Views\validar.php(6): CodeIgniter\Debug\Exceptions->errorHandler(2, 'include(conexion.php): failed to open stream: No such file or directory', 'APPPATH\\Views\\validar.php', 6, [...])
 2 APPPATH\Views\validar.php(6): include()
 3 SYSTEMPATH\View\View.php(213): include('APPPATH\\Views\\validar.php')
 4 SYSTEMPATH\View\View.php(216): CodeIgniter\View\View->CodeIgniter\View\{closure}()
 5 SYSTEMPATH\Common.php(1134): CodeIgniter\View\View->render('validar', [], true)
 6 APPPATH\Controllers\sesion.php(13): view('validar')
 7 SYSTEMPATH\CodeIgniter.php(927): App\Controllers\sesion->validar()
 8 SYSTEMPATH\CodeIgniter.php(482): CodeIgniter\CodeIgniter->runController(Object(App\Controllers\sesion))
 9 SYSTEMPATH\CodeIgniter.php(351): CodeIgniter\CodeIgniter->handleRequest(null, Object(Config\Cache), false)
10 FCPATH\index.php(67): CodeIgniter\CodeIgniter->run()
11 SYSTEMPATH\Commands\Server\rewrite.php(46): require_once('FCPATH\\index.php')
CRITICAL - 2022-11-17 08:22:24 --> Call to undefined method CodeIgniter\Router\RouteCollection::psot()
in APPPATH\Config\Routes.php on line 44.
 1 SYSTEMPATH\CodeIgniter.php(789): require()
 2 SYSTEMPATH\CodeIgniter.php(430): CodeIgniter\CodeIgniter->tryToRouteIt(Object(CodeIgniter\Router\RouteCollection))
 3 SYSTEMPATH\CodeIgniter.php(347): CodeIgniter\CodeIgniter->handleRequest(null, Object(Config\Cache), false)
 4 SYSTEMPATH\CLI\Console.php(48): CodeIgniter\CodeIgniter->run()
 5 ROOTPATH\spark(98): CodeIgniter\CLI\Console->run()
CRITICAL - 2022-11-17 08:22:38 --> Call to undefined method CodeIgniter\Router\RouteCollection::psot()
in APPPATH\Config\Routes.php on line 44.
 1 SYSTEMPATH\CodeIgniter.php(789): require()
 2 SYSTEMPATH\CodeIgniter.php(430): CodeIgniter\CodeIgniter->tryToRouteIt(Object(CodeIgniter\Router\RouteCollection))
 3 SYSTEMPATH\CodeIgniter.php(347): CodeIgniter\CodeIgniter->handleRequest(null, Object(Config\Cache), false)
 4 SYSTEMPATH\CLI\Console.php(48): CodeIgniter\CodeIgniter->run()
 5 ROOTPATH\spark(98): CodeIgniter\CLI\Console->run()
CRITICAL - 2022-11-17 08:24:25 --> Call to undefined method CodeIgniter\Router\RouteCollection::psot()
in APPPATH\Config\Routes.php on line 44.
 1 SYSTEMPATH\CodeIgniter.php(789): require()
 2 SYSTEMPATH\CodeIgniter.php(430): CodeIgniter\CodeIgniter->tryToRouteIt(Object(CodeIgniter\Router\RouteCollection))
 3 SYSTEMPATH\CodeIgniter.php(347): CodeIgniter\CodeIgniter->handleRequest(null, Object(Config\Cache), false)
 4 SYSTEMPATH\CLI\Console.php(48): CodeIgniter\CodeIgniter->run()
 5 ROOTPATH\spark(98): CodeIgniter\CLI\Console->run()
